Start testing: May 24 15:17 MDT
----------------------------------------------------------
1/64 Testing: ut.utility
1/64 Test: ut.utility
Command: "/home/boyang/Desktop/opentimer_ver2/OpenTimer/unittest/utility" "-d" "yes"
Directory: /home/boyang/Desktop/opentimer_ver2/OpenTimer/build
"ut.utility" start time: May 24 15:17 MDT
Output:
----------------------------------------------------------
[doctest] doctest version is "2.4.7"
[doctest] run with "--help" for options
===============================================================================
/home/boyang/Desktop/opentimer_ver2/OpenTimer/unittest/utility.cpp:7:
TEST CASE:  Tokenizer.IsWord

0.000471 s: Tokenizer.IsWord
===============================================================================
/home/boyang/Desktop/opentimer_ver2/OpenTimer/unittest/utility.cpp:17:
TEST CASE:  Tokenizer.IsArray

0.001379 s: Tokenizer.IsArray
===============================================================================
/home/boyang/Desktop/opentimer_ver2/OpenTimer/unittest/utility.cpp:30:
TEST CASE:  Tokenizer.IsNumeric

0.001908 s: Tokenizer.IsNumeric
===============================================================================
/home/boyang/Desktop/opentimer_ver2/OpenTimer/unittest/utility.cpp:49:
TEST CASE:  Tokenizer.Quote

0.000007 s: Tokenizer.Quote
===============================================================================
/home/boyang/Desktop/opentimer_ver2/OpenTimer/unittest/utility.cpp:74:
TEST CASE:  Tokenizer.Brace

0.000007 s: Tokenizer.Brace
===============================================================================
/home/boyang/Desktop/opentimer_ver2/OpenTimer/unittest/utility.cpp:103:
TEST CASE:  Tokenizer.Bracket

0.000007 s: Tokenizer.Bracket
===============================================================================
[doctest] test cases:  6 |  6 passed | 0 failed | 0 skipped
[doctest] assertions: 47 | 47 passed | 0 failed |
[doctest] Status: SUCCESS!
<end of output>
Test time =   0.00 sec
----------------------------------------------------------
Test Passed.
"ut.utility" end time: May 24 15:17 MDT
"ut.utility" time elapsed: 00:00:00
----------------------------------------------------------

2/64 Testing: ut.path
2/64 Test: ut.path
Command: "/home/boyang/Desktop/opentimer_ver2/OpenTimer/unittest/path" "-d" "yes"
Directory: /home/boyang/Desktop/opentimer_ver2/OpenTimer/build
"ut.path" start time: May 24 15:17 MDT
Output:
----------------------------------------------------------
[doctest] doctest version is "2.4.7"
[doctest] run with "--help" for options
===============================================================================
/home/boyang/Desktop/opentimer_ver2/OpenTimer/unittest/path.cpp:20:
TEST CASE:  PathHeap

DEEPEST SUBCASE STACK REACHED (DIFFERENT FROM THE CURRENT ONE):
  Merge-and-Fit

0.000158 s: PathHeap
===============================================================================
[doctest] test cases:   1 |   1 passed | 0 failed | 0 skipped
[doctest] assertions: 454 | 454 passed | 0 failed |
[doctest] Status: SUCCESS!
<end of output>
Test time =   0.02 sec
----------------------------------------------------------
Test Passed.
"ut.path" end time: May 24 15:17 MDT
"ut.path" time elapsed: 00:00:00
----------------------------------------------------------

3/64 Testing: it.tau15.c3_slack
3/64 Test: it.tau15.c3_slack
Command: "/home/boyang/Desktop/opentimer_ver2/OpenTimer/inttest/tau15.py" "/home/boyang/Desktop/opentimer_ver2/OpenTimer/bin/ot-tau15" "/home/boyang/Desktop/opentimer_ver2/OpenTimer/benchmark" "c3_slack"
Directory: /home/boyang/Desktop/opentimer_ver2/OpenTimer/build
"it.tau15.c3_slack" start time: May 24 15:17 MDT
Output:
----------------------------------------------------------
I 46656 23-05-24 15:17:47 verilog.cpp:14] loading netlist "c3_slack.v"
I 42560 23-05-24 15:17:47 spef.cpp:15] loading spef "change_1.spef"
I 46656 23-05-24 15:17:47 spef.cpp:15] loading spef "change_2.spef"
I 50752 23-05-24 15:17:47 spef.cpp:15] loading spef "change_3.spef"
I 50752 23-05-24 15:17:47 celllib.cpp:34] loading celllib "c3_slack_Early.lib"
I 63040 23-05-24 15:17:47 spef.cpp:15] loading spef "c3_slack.spef"
I 46656 23-05-24 15:17:47 spef.cpp:15] loading spef "change_5.spef"
I 63040 23-05-24 15:17:47 tau15.cpp:76] loading timing "c3_slack.timing" ...
I 58944 23-05-24 15:17:47 spef.cpp:15] loading spef "change_4.spef"
I 42560 23-05-24 15:17:47 spef.cpp:15] loading spef "change_7.spef"
I 54848 23-05-24 15:17:47 celllib.cpp:34] loading celllib "c3_slack_Late.lib"
I 42560 23-05-24 15:17:47 spef.cpp:15] loading spef "change_6.spef"
I 50752 23-05-24 15:17:47 unit.cpp:244] use celllib time unit 1e-12 s
I 50752 23-05-24 15:17:47 unit.cpp:258] use celllib capacitance unit 1e-15 F
I 50752 23-05-24 15:17:47 unit.cpp:272] use celllib current unit 0.001 A
I 50752 23-05-24 15:17:47 unit.cpp:286] use celllib voltage unit 1 V
I 50752 23-05-24 15:17:47 unit.cpp:314] use celllib power unit 1e-06 W
I 50752 23-05-24 15:17:47 celllib.cpp:66] added min celllib "tau2015_c3_slack_Early" [cells:105]
I 54848 23-05-24 15:17:47 celllib.cpp:66] added max celllib "tau2015_c3_slack_Late" [cells:105]
I 54848 23-05-24 15:17:47 verilog.cpp:21] added verilog module "c3_slack" [gates:3]
I 54848 23-05-24 15:17:47 unit.cpp:350] use spef resistance unit 1000 Ohm
I 54848 23-05-24 15:17:47 spef.cpp:27] added 7 spef nets
I 54848 23-05-24 15:17:47 tau15.cpp:81] add 14 timing assertions
I 54848 23-05-24 15:17:47 timer.cpp:494] enable cppr analysis
I 54848 23-05-24 15:17:47 spef.cpp:27] added 2 spef nets
I 54848 23-05-24 15:17:47 spef.cpp:27] added 6 spef nets
I 54848 23-05-24 15:17:47 spef.cpp:27] added 10 spef nets
I 54848 23-05-24 15:17:47 spef.cpp:27] added 30 spef nets
I 54848 23-05-24 15:17:47 spef.cpp:27] added 60 spef nets
I 54848 23-05-24 15:17:47 spef.cpp:27] added 5 spef nets
I 54848 23-05-24 15:17:47 spef.cpp:27] added 5 spef nets
--------------------------------
number of replication ftasks: 0
number of ftotal tasks: 10
ftask replication rate: 0%
number of replication btasks: 2
number of btotal tasks: 10
btask replication rate: 20%
build_cands_runtime : 2
cluster_runtime : 6
partition_runtime : 8646
process_cluster_runtime : 3
partitioned_execution_runtime : 53
string_to_int_runtime : 1
hash_runtime : 2
hash_to_vector_runtime : 0
--------------------------------

<end of output>
Test time =   0.08 sec
----------------------------------------------------------
Test Passed.
"it.tau15.c3_slack" end time: May 24 15:17 MDT
"it.tau15.c3_slack" time elapsed: 00:00:00
----------------------------------------------------------

4/64 Testing: it.tau15.c3_path
4/64 Test: it.tau15.c3_path
Command: "/home/boyang/Desktop/opentimer_ver2/OpenTimer/inttest/tau15.py" "/home/boyang/Desktop/opentimer_ver2/OpenTimer/bin/ot-tau15" "/home/boyang/Desktop/opentimer_ver2/OpenTimer/benchmark" "c3_path"
Directory: /home/boyang/Desktop/opentimer_ver2/OpenTimer/build
"it.tau15.c3_path" start time: May 24 15:17 MDT
Output:
----------------------------------------------------------
I 38464 23-05-24 15:17:47 celllib.cpp:34] loading celllib "c3_path_Early.lib"
I 63040 23-05-24 15:17:47 celllib.cpp:34] loading celllib "c3_path_Late.lib"
I  5696 23-05-24 15:17:47 verilog.cpp:14] loading netlist "c3_path.v"
I 50752 23-05-24 15:17:47 tau15.cpp:76] loading timing "c3_path.timing" ...
I 42560 23-05-24 15:17:47 spef.cpp:15] loading spef "change_1.spef"
I 54848 23-05-24 15:17:47 spef.cpp:15] loading spef "c3_path.spef"
I 38464 23-05-24 15:17:47 unit.cpp:244] use celllib time unit 1e-12 s
I 38464 23-05-24 15:17:47 unit.cpp:258] use celllib capacitance unit 1e-15 F
I 38464 23-05-24 15:17:47 unit.cpp:272] use celllib current unit 0.001 A
I 38464 23-05-24 15:17:47 unit.cpp:286] use celllib voltage unit 1 V
I 38464 23-05-24 15:17:47 unit.cpp:314] use celllib power unit 1e-06 W
I 38464 23-05-24 15:17:47 celllib.cpp:66] added min celllib "tau2015_c3_path_Early" [cells:105]
I 63040 23-05-24 15:17:47 celllib.cpp:66] added max celllib "tau2015_c3_path_Late" [cells:105]
I 63040 23-05-24 15:17:47 verilog.cpp:21] added verilog module "c3_path" [gates:3]
I 63040 23-05-24 15:17:47 unit.cpp:350] use spef resistance unit 1000 Ohm
I 63040 23-05-24 15:17:47 spef.cpp:27] added 7 spef nets
I 63040 23-05-24 15:17:47 tau15.cpp:81] add 14 timing assertions
I 63040 23-05-24 15:17:47 timer.cpp:494] enable cppr analysis
I 63040 23-05-24 15:17:47 spef.cpp:27] added 2 spef nets
I 54848 23-05-24 15:17:47 spef.cpp:15] loading spef "change_2.spef"
I 54848 23-05-24 15:17:47 spef.cpp:27] added 6 spef nets
I 58944 23-05-24 15:17:47 spef.cpp:15] loading spef "change_3.spef"
I 58944 23-05-24 15:17:47 spef.cpp:27] added 10 spef nets
I 54848 23-05-24 15:17:47 spef.cpp:15] loading spef "change_4.spef"
I 54848 23-05-24 15:17:47 spef.cpp:27] added 30 spef nets
I 58944 23-05-24 15:17:47 spef.cpp:15] loading spef "change_5.spef"
I 58944 23-05-24 15:17:47 spef.cpp:27] added 60 spef nets
I 42560 23-05-24 15:17:47 spef.cpp:15] loading spef "change_6.spef"
I 42560 23-05-24 15:17:47 spef.cpp:27] added 5 spef nets
I  5696 23-05-24 15:17:47 spef.cpp:15] loading spef "change_7.spef"
I  5696 23-05-24 15:17:47 spef.cpp:27] added 5 spef nets
--------------------------------
number of replication ftasks: 0
number of ftotal tasks: 16
ftask replication rate: 0%
number of replication btasks: 2
number of btotal tasks: 16
btask replication rate: 12.5%
--------------------------------
number of replication ftasks: 0
number of ftotal tasks: 22
ftask replication rate: 0%
number of replication btasks: 4
number of btotal tasks: 22
btask replication rate: 18.1818%
--------------------------------
number of replication ftasks: 0
number of ftotal tasks: 32
ftask replication rate: 0%
number of replication btasks: 6
number of btotal tasks: 32
btask replication rate: 18.75%
--------------------------------
number of replication ftasks: 0
number of ftotal tasks: 62
ftask replication rate: 0%
number of replication btasks: 12
number of btotal tasks: 62
btask replication rate: 19.3548%
--------------------------------
number of replication ftasks: 0
number of ftotal tasks: 122
ftask replication rate: 0%
number of replication btasks: 24
number of btotal tasks: 122
btask replication rate: 19.6721%
--------------------------------
number of replication ftasks: 0
number of ftotal tasks: 112
ftask replication rate: 0%
number of replication btasks: 24
number of btotal tasks: 112
btask replication rate: 21.4286%
--------------------------------
number of replication ftasks: 0
number of ftotal tasks: 10
ftask replication rate: 0%
number of replication btasks: 2
number of btotal tasks: 10
btask replication rate: 20%
build_cands_runtime : 25
cluster_runtime : 70
partition_runtime : 25102
process_cluster_runtime : 16
partitioned_execution_runtime : 821
string_to_int_runtime : 13
hash_runtime : 26
hash_to_vector_runtime : 2
--------------------------------

<end of output>
Test time =   0.11 sec
----------------------------------------------------------
Test Passed.
"it.tau15.c3_path" end time: May 24 15:17 MDT
"it.tau15.c3_path" time elapsed: 00:00:00
----------------------------------------------------------

5/64 Testing: it.tau15.c17
5/64 Test: it.tau15.c17
Command: "/home/boyang/Desktop/opentimer_ver2/OpenTimer/inttest/tau15.py" "/home/boyang/Desktop/opentimer_ver2/OpenTimer/bin/ot-tau15" "/home/boyang/Desktop/opentimer_ver2/OpenTimer/benchmark" "c17"
Directory: /home/boyang/Desktop/opentimer_ver2/OpenTimer/build
"it.tau15.c17" start time: May 24 15:17 MDT
Output:
----------------------------------------------------------
I 46656 23-05-24 15:17:47 celllib.cpp:34] loading celllib "c17_Early.lib"
I 63040 23-05-24 15:17:47 celllib.cpp:34] loading celllib "c17_Late.lib"
I 58944 23-05-24 15:17:47 verilog.cpp:14] loading netlist "c17.v"
I 30272 23-05-24 15:17:47 spef.cpp:15] loading spef "c17.spef"
I 34368 23-05-24 15:17:47 tau15.cpp:76] loading timing "c17.timing" ...
I 46656 23-05-24 15:17:47 unit.cpp:244] use celllib time unit 1e-12 s
I 46656 23-05-24 15:17:47 unit.cpp:258] use celllib capacitance unit 1e-15 F
I 46656 23-05-24 15:17:47 unit.cpp:272] use celllib current unit 0.001 A
I 46656 23-05-24 15:17:47 unit.cpp:286] use celllib voltage unit 1 V
I 46656 23-05-24 15:17:47 unit.cpp:314] use celllib power unit 1e-06 W
I 46656 23-05-24 15:17:47 celllib.cpp:66] added min celllib "tau2015_c17_Early" [cells:105]
I 63040 23-05-24 15:17:47 celllib.cpp:66] added max celllib "tau2015_c17_Late" [cells:105]
I 63040 23-05-24 15:17:47 verilog.cpp:21] added verilog module "c17" [gates:6]
I 63040 23-05-24 15:17:47 unit.cpp:350] use spef resistance unit 1000 Ohm
I 63040 23-05-24 15:17:47 spef.cpp:27] added 11 spef nets
I 63040 23-05-24 15:17:47 tau15.cpp:81] add 14 timing assertions
I 63040 23-05-24 15:17:47 timer.cpp:494] enable cppr analysis
I 30272 23-05-24 15:17:47 spef.cpp:15] loading spef "change_1.spef"
I 30272 23-05-24 15:17:47 spef.cpp:27] added 2 spef nets
I 46656 23-05-24 15:17:47 spef.cpp:15] loading spef "change_2.spef"
I 46656 23-05-24 15:17:47 spef.cpp:27] added 6 spef nets
I 34368 23-05-24 15:17:47 spef.cpp:15] loading spef "change_3.spef"
I 34368 23-05-24 15:17:47 spef.cpp:27] added 10 spef nets
I 34368 23-05-24 15:17:47 spef.cpp:15] loading spef "change_4.spef"
I 34368 23-05-24 15:17:47 spef.cpp:27] added 38 spef nets
I 30272 23-05-24 15:17:47 spef.cpp:15] loading spef "change_5.spef"
I 30272 23-05-24 15:17:47 spef.cpp:27] added 76 spef nets
I 30272 23-05-24 15:17:47 spef.cpp:15] loading spef "change_6.spef"
I 30272 23-05-24 15:17:47 spef.cpp:27] added 5 spef nets
I 30272 23-05-24 15:17:47 spef.cpp:15] loading spef "change_7.spef"
I 34368 23-05-24 15:17:47 spef.cpp:27] added 11 spef nets
--------------------------------
number of replication ftasks: 9
number of ftotal tasks: 25
ftask replication rate: 36%
number of replication btasks: 14
number of btotal tasks: 25
btask replication rate: 56%
--------------------------------
number of replication ftasks: 11
number of ftotal tasks: 27
ftask replication rate: 40.7407%
number of replication btasks: 14
number of btotal tasks: 27
btask replication rate: 51.8519%
--------------------------------
number of replication ftasks: 13
number of ftotal tasks: 33
ftask replication rate: 39.3939%
number of replication btasks: 20
number of btotal tasks: 33
btask replication rate: 60.6061%
--------------------------------
number of replication ftasks: 13
number of ftotal tasks: 43
ftask replication rate: 30.2326%
number of replication btasks: 28
number of btotal tasks: 43
btask replication rate: 65.1163%
--------------------------------
number of replication ftasks: 27
number of ftotal tasks: 81
ftask replication rate: 33.3333%
number of replication btasks: 54
number of btotal tasks: 81
btask replication rate: 66.6667%
--------------------------------
number of replication ftasks: 53
number of ftotal tasks: 157
ftask replication rate: 33.758%
number of replication btasks: 106
number of btotal tasks: 157
btask replication rate: 67.5159%
--------------------------------
number of replication ftasks: 51
number of ftotal tasks: 147
ftask replication rate: 34.6939%
number of replication btasks: 96
number of btotal tasks: 147
btask replication rate: 65.3061%
--------------------------------
number of replication ftasks: 9
number of ftotal tasks: 25
ftask replication rate: 36%
number of replication btasks: 14
number of btotal tasks: 25
btask replication rate: 56%
build_cands_runtime : 33
cluster_runtime : 98
partition_runtime : 36176
process_cluster_runtime : 18
partitioned_execution_runtime : 1292
string_to_int_runtime : 20
hash_runtime : 40
hash_to_vector_runtime : 0
--------------------------------

<end of output>
Test time =   0.13 sec
----------------------------------------------------------
Test Passed.
"it.tau15.c17" end time: May 24 15:17 MDT
"it.tau15.c17" time elapsed: 00:00:00
----------------------------------------------------------

6/64 Testing: it.tau15.c17_slack
6/64 Test: it.tau15.c17_slack
Command: "/home/boyang/Desktop/opentimer_ver2/OpenTimer/inttest/tau15.py" "/home/boyang/Desktop/opentimer_ver2/OpenTimer/bin/ot-tau15" "/home/boyang/Desktop/opentimer_ver2/OpenTimer/benchmark" "c17_slack"
Directory: /home/boyang/Desktop/opentimer_ver2/OpenTimer/build
"it.tau15.c17_slack" start time: May 24 15:17 MDT
Output:
----------------------------------------------------------
I 50752 23-05-24 15:17:47 celllib.cpp:34] loading celllib "c17_slack_Early.lib"
I 54848 23-05-24 15:17:47 spef.cpp:15] loading spef "change_2.spef"
I 30272 23-05-24 15:17:47 spef.cpp:15] loading spef "change_1.spef"
I 42560 23-05-24 15:17:47 verilog.cpp:14] loading netlist "c17_slack.v"
I 54848 23-05-24 15:17:47 tau15.cpp:76] loading timing "c17_slack.timing" ...
I 46656 23-05-24 15:17:47 spef.cpp:15] loading spef "change_3.spef"
I 63040 23-05-24 15:17:47 spef.cpp:15] loading spef "change_4.spef"
I  9792 23-05-24 15:17:47 spef.cpp:15] loading spef "c17_slack.spef"
I 58944 23-05-24 15:17:47 spef.cpp:15] loading spef "change_5.spef"
I 46656 23-05-24 15:17:47 celllib.cpp:34] loading celllib "c17_slack_Late.lib"
I 50752 23-05-24 15:17:47 spef.cpp:15] loading spef "change_7.spef"
I  9792 23-05-24 15:17:47 spef.cpp:15] loading spef "change_6.spef"
I 50752 23-05-24 15:17:47 unit.cpp:244] use celllib time unit 1e-12 s
I 50752 23-05-24 15:17:47 unit.cpp:258] use celllib capacitance unit 1e-15 F
I 50752 23-05-24 15:17:47 unit.cpp:272] use celllib current unit 0.001 A
I 50752 23-05-24 15:17:47 unit.cpp:286] use celllib voltage unit 1 V
I 50752 23-05-24 15:17:47 unit.cpp:314] use celllib power unit 1e-06 W
I 50752 23-05-24 15:17:47 celllib.cpp:66] added min celllib "tau2015_c17_slack_Early" [cells:105]
I 50752 23-05-24 15:17:47 celllib.cpp:66] added max celllib "tau2015_c17_slack_Late" [cells:105]
I 50752 23-05-24 15:17:47 verilog.cpp:21] added verilog module "c17_slack" [gates:6]
I 50752 23-05-24 15:17:47 unit.cpp:350] use spef resistance unit 1000 Ohm
I 50752 23-05-24 15:17:47 spef.cpp:27] added 11 spef nets
I 50752 23-05-24 15:17:47 tau15.cpp:81] add 14 timing assertions
I 50752 23-05-24 15:17:47 timer.cpp:494] enable cppr analysis
I 50752 23-05-24 15:17:47 spef.cpp:27] added 2 spef nets
I 50752 23-05-24 15:17:47 spef.cpp:27] added 6 spef nets
I 50752 23-05-24 15:17:47 spef.cpp:27] added 10 spef nets
I 50752 23-05-24 15:17:47 spef.cpp:27] added 38 spef nets
I 50752 23-05-24 15:17:47 spef.cpp:27] added 76 spef nets
I 50752 23-05-24 15:17:47 spef.cpp:27] added 5 spef nets
I 50752 23-05-24 15:17:47 spef.cpp:27] added 11 spef nets
--------------------------------
number of replication ftasks: 9
number of ftotal tasks: 25
ftask replication rate: 36%
number of replication btasks: 14
number of btotal tasks: 25
btask replication rate: 56%
build_cands_runtime : 3
cluster_runtime : 11
partition_runtime : 9722
process_cluster_runtime : 4
partitioned_execution_runtime : 195
string_to_int_runtime : 2
hash_runtime : 4
hash_to_vector_runtime : 0
--------------------------------

<end of output>
Test time =   0.09 sec
----------------------------------------------------------
Test Passed.
"it.tau15.c17_slack" end time: May 24 15:17 MDT
"it.tau15.c17_slack" time elapsed: 00:00:00
----------------------------------------------------------

7/64 Testing: it.tau15.c432
7/64 Test: it.tau15.c432
Command: "/home/boyang/Desktop/opentimer_ver2/OpenTimer/inttest/tau15.py" "/home/boyang/Desktop/opentimer_ver2/OpenTimer/bin/ot-tau15" "/home/boyang/Desktop/opentimer_ver2/OpenTimer/benchmark" "c432"
Directory: /home/boyang/Desktop/opentimer_ver2/OpenTimer/build
"it.tau15.c432" start time: May 24 15:17 MDT
Output:
----------------------------------------------------------
I 38464 23-05-24 15:17:48 celllib.cpp:34] loading celllib "c432_Late.lib"
I 46656 23-05-24 15:17:48 spef.cpp:15] loading spef "change_1.spef"
I 22080 23-05-24 15:17:48 spef.cpp:15] loading spef "change_6.spef"
I 54848 23-05-24 15:17:48 spef.cpp:15] loading spef "change_2.spef"
I 58944 23-05-24 15:17:48 spef.cpp:15] loading spef "change_3.spef"
I 46656 23-05-24 15:17:48 spef.cpp:15] loading spef "change_4.spef"
I 63040 23-05-24 15:17:48 spef.cpp:15] loading spef "c432.spef"
I  1600 23-05-24 15:17:48 spef.cpp:15] loading spef "change_5.spef"
I 50752 23-05-24 15:17:48 verilog.cpp:14] loading netlist "c432.v"
I 42560 23-05-24 15:17:48 celllib.cpp:34] loading celllib "c432_Early.lib"
I 17984 23-05-24 15:17:48 spef.cpp:15] loading spef "change_7.spef"
I  5696 23-05-24 15:17:48 tau15.cpp:76] loading timing "c432.timing" ...
I 42560 23-05-24 15:17:48 unit.cpp:244] use celllib time unit 1e-12 s
I 42560 23-05-24 15:17:48 unit.cpp:258] use celllib capacitance unit 1e-15 F
I 42560 23-05-24 15:17:48 unit.cpp:272] use celllib current unit 0.001 A
I 42560 23-05-24 15:17:48 unit.cpp:286] use celllib voltage unit 1 V
I 42560 23-05-24 15:17:48 unit.cpp:314] use celllib power unit 1e-06 W
I 42560 23-05-24 15:17:48 celllib.cpp:66] added min celllib "tau2015_c432_Early" [cells:105]
I 38464 23-05-24 15:17:48 celllib.cpp:66] added max celllib "tau2015_c432_Late" [cells:105]
I 38464 23-05-24 15:17:48 verilog.cpp:21] added verilog module "c432" [gates:134]
I 38464 23-05-24 15:17:48 unit.cpp:350] use spef resistance unit 1000 Ohm
I 38464 23-05-24 15:17:48 spef.cpp:27] added 170 spef nets
I 38464 23-05-24 15:17:48 tau15.cpp:81] add 86 timing assertions
I 38464 23-05-24 15:17:48 timer.cpp:494] enable cppr analysis
I 38464 23-05-24 15:17:48 spef.cpp:27] added 2 spef nets
I 38464 23-05-24 15:17:48 spef.cpp:27] added 6 spef nets
I 38464 23-05-24 15:17:48 spef.cpp:27] added 10 spef nets
I 38464 23-05-24 15:17:48 spef.cpp:27] added 100 spef nets
I 38464 23-05-24 15:17:48 spef.cpp:27] added 456 spef nets
I 38464 23-05-24 15:17:48 spef.cpp:27] added 5 spef nets
I 38464 23-05-24 15:17:48 spef.cpp:27] added 141 spef nets
--------------------------------
number of replication ftasks: 358
number of ftotal tasks: 427
ftask replication rate: 83.8407%
number of replication btasks: 292
number of btotal tasks: 427
btask replication rate: 68.3841%
build_cands_runtime : 46
cluster_runtime : 228
partition_runtime : 16171
process_cluster_runtime : 20
partitioned_execution_runtime : 941
string_to_int_runtime : 41
hash_runtime : 118
hash_to_vector_runtime : 5
--------------------------------

<end of output>
Test time =   0.11 sec
----------------------------------------------------------
Test Passed.
"it.tau15.c432" end time: May 24 15:17 MDT
"it.tau15.c432" time elapsed: 00:00:00
----------------------------------------------------------

8/64 Testing: it.tau15.c499
8/64 Test: it.tau15.c499
Command: "/home/boyang/Desktop/opentimer_ver2/OpenTimer/inttest/tau15.py" "/home/boyang/Desktop/opentimer_ver2/OpenTimer/bin/ot-tau15" "/home/boyang/Desktop/opentimer_ver2/OpenTimer/benchmark" "c499"
Directory: /home/boyang/Desktop/opentimer_ver2/OpenTimer/build
"it.tau15.c499" start time: May 24 15:17 MDT
Output:
----------------------------------------------------------
I 50752 23-05-24 15:17:48 spef.cpp:15] loading spef "c499.spef"
I 46656 23-05-24 15:17:48 spef.cpp:15] loading spef "change_6.spef"
I 50752 23-05-24 15:17:48 tau15.cpp:76] loading timing "c499.timing" ...
I 38464 23-05-24 15:17:48 spef.cpp:15] loading spef "change_3.spef"
I 54848 23-05-24 15:17:48 celllib.cpp:34] loading celllib "c499_Early.lib"
I 42560 23-05-24 15:17:48 verilog.cpp:14] loading netlist "c499.v"
I 58944 23-05-24 15:17:48 spef.cpp:15] loading spef "change_2.spef"
I 63040 23-05-24 15:17:48 spef.cpp:15] loading spef "change_1.spef"
I 54848 23-05-24 15:17:48 celllib.cpp:34] loading celllib "c499_Late.lib"
I 38464 23-05-24 15:17:48 spef.cpp:15] loading spef "change_5.spef"
I 22080 23-05-24 15:17:48 spef.cpp:15] loading spef "change_7.spef"
I 26176 23-05-24 15:17:48 spef.cpp:15] loading spef "change_4.spef"
I 54848 23-05-24 15:17:48 unit.cpp:244] use celllib time unit 1e-12 s
I 54848 23-05-24 15:17:48 unit.cpp:258] use celllib capacitance unit 1e-15 F
I 54848 23-05-24 15:17:48 unit.cpp:272] use celllib current unit 0.001 A
I 54848 23-05-24 15:17:48 unit.cpp:286] use celllib voltage unit 1 V
I 54848 23-05-24 15:17:48 unit.cpp:314] use celllib power unit 1e-06 W
I 54848 23-05-24 15:17:48 celllib.cpp:66] added min celllib "tau2015_c499_Early" [cells:105]
I 54848 23-05-24 15:17:48 celllib.cpp:66] added max celllib "tau2015_c499_Late" [cells:105]
I 54848 23-05-24 15:17:48 verilog.cpp:21] added verilog module "c499" [gates:176]
I 54848 23-05-24 15:17:48 unit.cpp:350] use spef resistance unit 1000 Ohm
I 54848 23-05-24 15:17:48 spef.cpp:27] added 217 spef nets
I 54848 23-05-24 15:17:48 tau15.cpp:81] add 146 timing assertions
I 54848 23-05-24 15:17:48 timer.cpp:494] enable cppr analysis
I 54848 23-05-24 15:17:48 spef.cpp:27] added 2 spef nets
I 54848 23-05-24 15:17:48 spef.cpp:27] added 6 spef nets
I 54848 23-05-24 15:17:48 spef.cpp:27] added 10 spef nets
I 54848 23-05-24 15:17:48 spef.cpp:27] added 100 spef nets
I 54848 23-05-24 15:17:48 spef.cpp:27] added 550 spef nets
I 54848 23-05-24 15:17:48 spef.cpp:27] added 5 spef nets
I 54848 23-05-24 15:17:48 spef.cpp:27] added 206 spef nets
--------------------------------
number of replication ftasks: 368
number of ftotal tasks: 592
ftask replication rate: 62.1622%
number of replication btasks: 439
number of btotal tasks: 592
btask replication rate: 74.1554%
build_cands_runtime : 34
cluster_runtime : 174
partition_runtime : 34502
process_cluster_runtime : 25
partitioned_execution_runtime : 2304
string_to_int_runtime : 46
hash_runtime : 43
hash_to_vector_runtime : 6
--------------------------------

<end of output>
Test time =   0.09 sec
----------------------------------------------------------
Test Passed.
"it.tau15.c499" end time: May 24 15:17 MDT
"it.tau15.c499" time elapsed: 00:00:00
----------------------------------------------------------

9/64 Testing: it.tau15.c880
9/64 Test: it.tau15.c880
Command: "/home/boyang/Desktop/opentimer_ver2/OpenTimer/inttest/tau15.py" "/home/boyang/Desktop/opentimer_ver2/OpenTimer/bin/ot-tau15" "/home/boyang/Desktop/opentimer_ver2/OpenTimer/benchmark" "c880"
Directory: /home/boyang/Desktop/opentimer_ver2/OpenTimer/build
"it.tau15.c880" start time: May 24 15:17 MDT
Output:
----------------------------------------------------------
I 50752 23-05-24 15:17:48 celllib.cpp:34] loading celllib "c880_Early.lib"
I 26176 23-05-24 15:17:48 spef.cpp:15] loading spef "change_3.spef"
I 63040 23-05-24 15:17:48 spef.cpp:15] loading spef "change_2.spef"
I  5696 23-05-24 15:17:48 spef.cpp:15] loading spef "c880.spef"
I  1600 23-05-24 15:17:48 spef.cpp:15] loading spef "change_1.spef"
I 63040 23-05-24 15:17:48 tau15.cpp:76] loading timing "c880.timing" ...
I 63040 23-05-24 15:17:48 celllib.cpp:34] loading celllib "c880_Late.lib"
I 17984 23-05-24 15:17:48 spef.cpp:15] loading spef "change_6.spef"
I  5696 23-05-24 15:17:48 spef.cpp:15] loading spef "change_7.spef"
I 54848 23-05-24 15:17:48 spef.cpp:15] loading spef "change_5.spef"
I 13888 23-05-24 15:17:48 verilog.cpp:14] loading netlist "c880.v"
I 54848 23-05-24 15:17:48 spef.cpp:15] loading spef "change_4.spef"
I 50752 23-05-24 15:17:48 unit.cpp:244] use celllib time unit 1e-12 s
I 50752 23-05-24 15:17:48 unit.cpp:258] use celllib capacitance unit 1e-15 F
I 50752 23-05-24 15:17:48 unit.cpp:272] use celllib current unit 0.001 A
I 50752 23-05-24 15:17:48 unit.cpp:286] use celllib voltage unit 1 V
I 50752 23-05-24 15:17:48 unit.cpp:314] use celllib power unit 1e-06 W
I 50752 23-05-24 15:17:48 celllib.cpp:66] added min celllib "tau2015_c880_Early" [cells:105]
I 63040 23-05-24 15:17:48 celllib.cpp:66] added max celllib "tau2015_c880_Late" [cells:105]
I 63040 23-05-24 15:17:48 verilog.cpp:21] added verilog module "c880" [gates:221]
I 63040 23-05-24 15:17:48 unit.cpp:350] use spef resistance unit 1000 Ohm
I 63040 23-05-24 15:17:48 spef.cpp:27] added 281 spef nets
I 63040 23-05-24 15:17:48 tau15.cpp:81] add 172 timing assertions
I 63040 23-05-24 15:17:48 timer.cpp:494] enable cppr analysis
I 63040 23-05-24 15:17:48 spef.cpp:27] added 2 spef nets
I 63040 23-05-24 15:17:48 spef.cpp:27] added 6 spef nets
I 63040 23-05-24 15:17:48 spef.cpp:27] added 10 spef nets
I 63040 23-05-24 15:17:48 spef.cpp:27] added 100 spef nets
I 63040 23-05-24 15:17:48 spef.cpp:27] added 678 spef nets
I 63040 23-05-24 15:17:48 spef.cpp:27] added 5 spef nets
I 63040 23-05-24 15:17:48 spef.cpp:27] added 265 spef nets
--------------------------------
number of replication ftasks: 296
number of ftotal tasks: 767
ftask replication rate: 38.5919%
number of replication btasks: 528
number of btotal tasks: 767
btask replication rate: 68.8396%
build_cands_runtime : 66
cluster_runtime : 229
partition_runtime : 21274
process_cluster_runtime : 37
partitioned_execution_runtime : 794
string_to_int_runtime : 53
hash_runtime : 94
hash_to_vector_runtime : 8
--------------------------------

<end of output>
Test time =   0.12 sec
----------------------------------------------------------
Test Passed.
"it.tau15.c880" end time: May 24 15:17 MDT
"it.tau15.c880" time elapsed: 00:00:00
----------------------------------------------------------

10/64 Testing: it.tau15.c1355
10/64 Test: it.tau15.c1355
Command: "/home/boyang/Desktop/opentimer_ver2/OpenTimer/inttest/tau15.py" "/home/boyang/Desktop/opentimer_ver2/OpenTimer/bin/ot-tau15" "/home/boyang/Desktop/opentimer_ver2/OpenTimer/benchmark" "c1355"
Directory: /home/boyang/Desktop/opentimer_ver2/OpenTimer/build
"it.tau15.c1355" start time: May 24 15:17 MDT
Output:
----------------------------------------------------------
I 50752 23-05-24 15:17:48 celllib.cpp:34] loading celllib "c1355_Early.lib"
I 50752 23-05-24 15:17:48 spef.cpp:15] loading spef "change_3.spef"
I 38464 23-05-24 15:17:48 celllib.cpp:34] loading celllib "c1355_Late.lib"
I 38464 23-05-24 15:17:48 spef.cpp:15] loading spef "change_5.spef"
I  1600 23-05-24 15:17:48 spef.cpp:15] loading spef "change_2.spef"
I 54848 23-05-24 15:17:48 spef.cpp:15] loading spef "c1355.spef"
I 30272 23-05-24 15:17:48 spef.cpp:15] loading spef "change_4.spef"
I 42560 23-05-24 15:17:48 tau15.cpp:76] loading timing "c1355.timing" ...
I 42560 23-05-24 15:17:48 verilog.cpp:14] loading netlist "c1355.v"
I 58944 23-05-24 15:17:48 spef.cpp:15] loading spef "change_1.spef"
I  9792 23-05-24 15:17:48 spef.cpp:15] loading spef "change_6.spef"
I 46656 23-05-24 15:17:48 spef.cpp:15] loading spef "change_7.spef"
I 50752 23-05-24 15:17:48 unit.cpp:244] use celllib time unit 1e-12 s
I 50752 23-05-24 15:17:48 unit.cpp:258] use celllib capacitance unit 1e-15 F
I 50752 23-05-24 15:17:48 unit.cpp:272] use celllib current unit 0.001 A
I 50752 23-05-24 15:17:48 unit.cpp:286] use celllib voltage unit 1 V
I 50752 23-05-24 15:17:48 unit.cpp:314] use celllib power unit 1e-06 W
I 50752 23-05-24 15:17:48 celllib.cpp:66] added min celllib "tau2015_c1355_Early" [cells:105]
I 50752 23-05-24 15:17:48 celllib.cpp:66] added max celllib "tau2015_c1355_Late" [cells:105]
I 50752 23-05-24 15:17:48 verilog.cpp:21] added verilog module "c1355" [gates:180]
I 50752 23-05-24 15:17:48 unit.cpp:350] use spef resistance unit 1000 Ohm
I 50752 23-05-24 15:17:48 spef.cpp:27] added 221 spef nets
I 50752 23-05-24 15:17:48 tau15.cpp:81] add 146 timing assertions
I 50752 23-05-24 15:17:48 timer.cpp:494] enable cppr analysis
I 50752 23-05-24 15:17:48 spef.cpp:27] added 2 spef nets
I 50752 23-05-24 15:17:48 spef.cpp:27] added 6 spef nets
I 50752 23-05-24 15:17:48 spef.cpp:27] added 10 spef nets
I 50752 23-05-24 15:17:48 spef.cpp:27] added 100 spef nets
I 50752 23-05-24 15:17:48 spef.cpp:27] added 558 spef nets
I 50752 23-05-24 15:17:48 spef.cpp:27] added 5 spef nets
I 50752 23-05-24 15:17:48 spef.cpp:27] added 213 spef nets
--------------------------------
number of replication ftasks: 381
number of ftotal tasks: 605
ftask replication rate: 62.9752%
number of replication btasks: 450
number of btotal tasks: 605
btask replication rate: 74.3802%
build_cands_runtime : 42
cluster_runtime : 181
partition_runtime : 20158
process_cluster_runtime : 26
partitioned_execution_runtime : 1408
string_to_int_runtime : 47
hash_runtime : 46
hash_to_vector_runtime : 5
--------------------------------

<end of output>
Test time =   0.07 sec
----------------------------------------------------------
Test Passed.
"it.tau15.c1355" end time: May 24 15:17 MDT
"it.tau15.c1355" time elapsed: 00:00:00
----------------------------------------------------------

11/64 Testing: it.tau15.c1908
11/64 Test: it.tau15.c1908
Command: "/home/boyang/Desktop/opentimer_ver2/OpenTimer/inttest/tau15.py" "/home/boyang/Desktop/opentimer_ver2/OpenTimer/bin/ot-tau15" "/home/boyang/Desktop/opentimer_ver2/OpenTimer/benchmark" "c1908"
Directory: /home/boyang/Desktop/opentimer_ver2/OpenTimer/build
"it.tau15.c1908" start time: May 24 15:17 MDT
Output:
----------------------------------------------------------
I 38464 23-05-24 15:17:48 spef.cpp:15] loading spef "change_4.spef"
I 46656 23-05-24 15:17:48 celllib.cpp:34] loading celllib "c1908_Late.lib"
I 38464 23-05-24 15:17:48 spef.cpp:15] loading spef "change_6.spef"
I 13888 23-05-24 15:17:48 spef.cpp:15] loading spef "change_7.spef"
I 46656 23-05-24 15:17:48 spef.cpp:15] loading spef "c1908.spef"
I 58944 23-05-24 15:17:48 tau15.cpp:76] loading timing "c1908.timing" ...
I 63040 23-05-24 15:17:48 spef.cpp:15] loading spef "change_3.spef"
I 63040 23-05-24 15:17:48 spef.cpp:15] loading spef "change_5.spef"
I 17984 23-05-24 15:17:48 spef.cpp:15] loading spef "change_2.spef"
I 58944 23-05-24 15:17:48 celllib.cpp:34] loading celllib "c1908_Early.lib"
I 54848 23-05-24 15:17:48 verilog.cpp:14] loading netlist "c1908.v"
I 42560 23-05-24 15:17:48 spef.cpp:15] loading spef "change_1.spef"
I 58944 23-05-24 15:17:48 unit.cpp:244] use celllib time unit 1e-12 s
I 58944 23-05-24 15:17:48 unit.cpp:258] use celllib capacitance unit 1e-15 F
I 58944 23-05-24 15:17:48 unit.cpp:272] use celllib current unit 0.001 A
I 58944 23-05-24 15:17:48 unit.cpp:286] use celllib voltage unit 1 V
I 58944 23-05-24 15:17:48 unit.cpp:314] use celllib power unit 1e-06 W
I 58944 23-05-24 15:17:48 celllib.cpp:66] added min celllib "tau2015_c1908_Early" [cells:105]
I 58944 23-05-24 15:17:48 celllib.cpp:66] added max celllib "tau2015_c1908_Late" [cells:105]
I 58944 23-05-24 15:17:48 verilog.cpp:21] added verilog module "c1908" [gates:222]
I 58944 23-05-24 15:17:48 unit.cpp:350] use spef resistance unit 1000 Ohm
I 58944 23-05-24 15:17:48 spef.cpp:27] added 255 spef nets
I 58944 23-05-24 15:17:48 tau15.cpp:81] add 116 timing assertions
I 58944 23-05-24 15:17:48 timer.cpp:494] enable cppr analysis
I 58944 23-05-24 15:17:48 spef.cpp:27] added 2 spef nets
I 58944 23-05-24 15:17:48 spef.cpp:27] added 6 spef nets
I 58944 23-05-24 15:17:48 spef.cpp:27] added 10 spef nets
I 58944 23-05-24 15:17:48 spef.cpp:27] added 100 spef nets
I 58944 23-05-24 15:17:48 spef.cpp:27] added 626 spef nets
I 58944 23-05-24 15:17:48 spef.cpp:27] added 5 spef nets
I 58944 23-05-24 15:17:48 spef.cpp:27] added 234 spef nets
--------------------------------
number of replication ftasks: 428
number of ftotal tasks: 717
ftask replication rate: 59.6932%
number of replication btasks: 563
number of btotal tasks: 717
btask replication rate: 78.5216%
build_cands_runtime : 62
cluster_runtime : 227
partition_runtime : 35929
process_cluster_runtime : 29
partitioned_execution_runtime : 2468
string_to_int_runtime : 47
hash_runtime : 58
hash_to_vector_runtime : 7
--------------------------------

<end of output>
Test time =   0.09 sec
----------------------------------------------------------
Test Passed.
"it.tau15.c1908" end time: May 24 15:17 MDT
"it.tau15.c1908" time elapsed: 00:00:00
----------------------------------------------------------

12/64 Testing: it.tau15.c2670
12/64 Test: it.tau15.c2670
Command: "/home/boyang/Desktop/opentimer_ver2/OpenTimer/inttest/tau15.py" "/home/boyang/Desktop/opentimer_ver2/OpenTimer/bin/ot-tau15" "/home/boyang/Desktop/opentimer_ver2/OpenTimer/benchmark" "c2670"
Directory: /home/boyang/Desktop/opentimer_ver2/OpenTimer/build
"it.tau15.c2670" start time: May 24 15:17 MDT
Output:
----------------------------------------------------------
I 46656 23-05-24 15:17:48 celllib.cpp:34] loading celllib "c2670_Early.lib"
I 54848 23-05-24 15:17:48 spef.cpp:15] loading spef "change_6.spef"
I 38464 23-05-24 15:17:48 verilog.cpp:14] loading netlist "c2670.v"
I 46656 23-05-24 15:17:48 spef.cpp:15] loading spef "c2670.spef"
I 50752 23-05-24 15:17:48 spef.cpp:15] loading spef "change_1.spef"
I 63040 23-05-24 15:17:48 spef.cpp:15] loading spef "change_2.spef"
I 54848 23-05-24 15:17:48 tau15.cpp:76] loading timing "c2670.timing" ...
I 54848 23-05-24 15:17:48 spef.cpp:15] loading spef "change_3.spef"
I 63040 23-05-24 15:17:48 spef.cpp:15] loading spef "change_4.spef"
I 58944 23-05-24 15:17:48 spef.cpp:15] loading spef "change_5.spef"
I 50752 23-05-24 15:17:48 spef.cpp:15] loading spef "change_7.spef"
I 42560 23-05-24 15:17:48 celllib.cpp:34] loading celllib "c2670_Late.lib"
I 46656 23-05-24 15:17:48 unit.cpp:244] use celllib time unit 1e-12 s
I 46656 23-05-24 15:17:48 unit.cpp:258] use celllib capacitance unit 1e-15 F
I 46656 23-05-24 15:17:48 unit.cpp:272] use celllib current unit 0.001 A
I 46656 23-05-24 15:17:48 unit.cpp:286] use celllib voltage unit 1 V
I 46656 23-05-24 15:17:48 unit.cpp:314] use celllib power unit 1e-06 W
I 46656 23-05-24 15:17:48 celllib.cpp:66] added min celllib "tau2015_c2670_Early" [cells:105]
I 46656 23-05-24 15:17:48 celllib.cpp:66] added max celllib "tau2015_c2670_Late" [cells:105]
I 46656 23-05-24 15:17:48 verilog.cpp:21] added verilog module "c2670" [gates:344]
I 46656 23-05-24 15:17:48 unit.cpp:350] use spef resistance unit 1000 Ohm
I 46656 23-05-24 15:17:48 spef.cpp:27] added 501 spef nets
I 46656 23-05-24 15:17:48 tau15.cpp:81] add 440 timing assertions
I 46656 23-05-24 15:17:48 timer.cpp:494] enable cppr analysis
I 46656 23-05-24 15:17:48 spef.cpp:27] added 2 spef nets
I 46656 23-05-24 15:17:48 spef.cpp:27] added 6 spef nets
I 46656 23-05-24 15:17:48 spef.cpp:27] added 10 spef nets
I 46656 23-05-24 15:17:48 spef.cpp:27] added 100 spef nets
I 46656 23-05-24 15:17:48 spef.cpp:27] added 1118 spef nets
I 46656 23-05-24 15:17:48 spef.cpp:27] added 5 spef nets
I 46656 23-05-24 15:17:48 spef.cpp:27] added 373 spef nets
--------------------------------
number of replication ftasks: 1138
number of ftotal tasks: 1591
ftask replication rate: 71.5273%
number of replication btasks: 950
number of btotal tasks: 1591
btask replication rate: 59.7109%
build_cands_runtime : 130
cluster_runtime : 649
partition_runtime : 31724
process_cluster_runtime : 78
partitioned_execution_runtime : 1485
string_to_int_runtime : 209
hash_runtime : 131
hash_to_vector_runtime : 14
--------------------------------

<end of output>
Test time =   0.13 sec
----------------------------------------------------------
Test Passed.
"it.tau15.c2670" end time: May 24 15:17 MDT
"it.tau15.c2670" time elapsed: 00:00:00
----------------------------------------------------------

13/64 Testing: it.tau15.c3540
13/64 Test: it.tau15.c3540
Command: "/home/boyang/Desktop/opentimer_ver2/OpenTimer/inttest/tau15.py" "/home/boyang/Desktop/opentimer_ver2/OpenTimer/bin/ot-tau15" "/home/boyang/Desktop/opentimer_ver2/OpenTimer/benchmark" "c3540"
Directory: /home/boyang/Desktop/opentimer_ver2/OpenTimer/build
"it.tau15.c3540" start time: May 24 15:17 MDT
Output:
----------------------------------------------------------
I 13888 23-05-24 15:17:48 celllib.cpp:34] loading celllib "c3540_Early.lib"
I 26176 23-05-24 15:17:48 spef.cpp:15] loading spef "c3540.spef"
I 17984 23-05-24 15:17:48 spef.cpp:15] loading spef "change_4.spef"
I 30272 23-05-24 15:17:48 tau15.cpp:76] loading timing "c3540.timing" ...
I 58944 23-05-24 15:17:48 celllib.cpp:34] loading celllib "c3540_Late.lib"
I 63040 23-05-24 15:17:48 spef.cpp:15] loading spef "change_1.spef"
I 17984 23-05-24 15:17:48 verilog.cpp:14] loading netlist "c3540.v"
I 54848 23-05-24 15:17:48 spef.cpp:15] loading spef "change_5.spef"
I 50752 23-05-24 15:17:48 spef.cpp:15] loading spef "change_6.spef"
I 58944 23-05-24 15:17:48 spef.cpp:15] loading spef "change_3.spef"
I 22080 23-05-24 15:17:48 spef.cpp:15] loading spef "change_7.spef"
I 38464 23-05-24 15:17:48 spef.cpp:15] loading spef "change_2.spef"
I 13888 23-05-24 15:17:48 unit.cpp:244] use celllib time unit 1e-12 s
I 13888 23-05-24 15:17:48 unit.cpp:258] use celllib capacitance unit 1e-15 F
I 13888 23-05-24 15:17:48 unit.cpp:272] use celllib current unit 0.001 A
I 13888 23-05-24 15:17:48 unit.cpp:286] use celllib voltage unit 1 V
I 13888 23-05-24 15:17:48 unit.cpp:314] use celllib power unit 1e-06 W
I 13888 23-05-24 15:17:48 celllib.cpp:66] added min celllib "tau2015_c3540_Early" [cells:105]
I 58944 23-05-24 15:17:48 celllib.cpp:66] added max celllib "tau2015_c3540_Late" [cells:105]
I 58944 23-05-24 15:17:48 verilog.cpp:21] added verilog module "c3540" [gates:691]
I 58944 23-05-24 15:17:48 unit.cpp:350] use spef resistance unit 1000 Ohm
I 58944 23-05-24 15:17:48 spef.cpp:27] added 741 spef nets
I 58944 23-05-24 15:17:48 tau15.cpp:81] add 144 timing assertions
I 58944 23-05-24 15:17:48 timer.cpp:494] enable cppr analysis
I 58944 23-05-24 15:17:48 spef.cpp:27] added 2 spef nets
I 58944 23-05-24 15:17:48 spef.cpp:27] added 6 spef nets
I 58944 23-05-24 15:17:48 spef.cpp:27] added 10 spef nets
I 58944 23-05-24 15:17:48 spef.cpp:27] added 100 spef nets
I 58944 23-05-24 15:17:48 spef.cpp:27] added 1598 spef nets
I 58944 23-05-24 15:17:48 spef.cpp:27] added 5 spef nets
I 58944 23-05-24 15:17:48 spef.cpp:27] added 444 spef nets
--------------------------------
number of replication ftasks: 2741
number of ftotal tasks: 3020
ftask replication rate: 90.7616%
number of replication btasks: 2470
number of btotal tasks: 3020
btask replication rate: 81.7881%
build_cands_runtime : 304
cluster_runtime : 829
partition_runtime : 41146
process_cluster_runtime : 75
partitioned_execution_runtime : 2474
string_to_int_runtime : 200
hash_runtime : 207
hash_to_vector_runtime : 16
--------------------------------

<end of output>
Test time =   0.10 sec
----------------------------------------------------------
Test Passed.
"it.tau15.c3540" end time: May 24 15:17 MDT
"it.tau15.c3540" time elapsed: 00:00:00
----------------------------------------------------------

14/64 Testing: it.tau15.c5315
14/64 Test: it.tau15.c5315
Command: "/home/boyang/Desktop/opentimer_ver2/OpenTimer/inttest/tau15.py" "/home/boyang/Desktop/opentimer_ver2/OpenTimer/bin/ot-tau15" "/home/boyang/Desktop/opentimer_ver2/OpenTimer/benchmark" "c5315"
Directory: /home/boyang/Desktop/opentimer_ver2/OpenTimer/build
"it.tau15.c5315" start time: May 24 15:17 MDT
Output:
----------------------------------------------------------
I 63040 23-05-24 15:17:48 celllib.cpp:34] loading celllib "c5315_Early.lib"
I 22080 23-05-24 15:17:48 spef.cpp:15] loading spef "change_7.spef"
I 13888 23-05-24 15:17:48 spef.cpp:15] loading spef "c5315.spef"
I 54848 23-05-24 15:17:48 spef.cpp:15] loading spef "change_3.spef"
I  9792 23-05-24 15:17:48 celllib.cpp:34] loading celllib "c5315_Late.lib"
I  1600 23-05-24 15:17:48 tau15.cpp:76] loading timing "c5315.timing" ...
I  5696 23-05-24 15:17:48 spef.cpp:15] loading spef "change_1.spef"
I 38464 23-05-24 15:17:48 spef.cpp:15] loading spef "change_2.spef"
I  5696 23-05-24 15:17:48 spef.cpp:15] loading spef "change_6.spef"
I  1600 23-05-24 15:17:48 spef.cpp:15] loading spef "change_4.spef"
I 58944 23-05-24 15:17:48 verilog.cpp:14] loading netlist "c5315.v"
I 26176 23-05-24 15:17:48 spef.cpp:15] loading spef "change_5.spef"
I 63040 23-05-24 15:17:48 unit.cpp:244] use celllib time unit 1e-12 s
I 63040 23-05-24 15:17:48 unit.cpp:258] use celllib capacitance unit 1e-15 F
I 63040 23-05-24 15:17:48 unit.cpp:272] use celllib current unit 0.001 A
I 63040 23-05-24 15:17:48 unit.cpp:286] use celllib voltage unit 1 V
I 63040 23-05-24 15:17:48 unit.cpp:314] use celllib power unit 1e-06 W
I 63040 23-05-24 15:17:48 celllib.cpp:66] added min celllib "tau2015_c5315_Early" [cells:105]
I  9792 23-05-24 15:17:48 celllib.cpp:66] added max celllib "tau2015_c5315_Late" [cells:105]
I  9792 23-05-24 15:17:48 verilog.cpp:21] added verilog module "c5315" [gates:918]
I  9792 23-05-24 15:17:48 unit.cpp:350] use spef resistance unit 1000 Ohm
I  9792 23-05-24 15:17:48 spef.cpp:27] added 1096 spef nets
I  9792 23-05-24 15:17:48 tau15.cpp:81] add 602 timing assertions
I  9792 23-05-24 15:17:48 timer.cpp:494] enable cppr analysis
I  9792 23-05-24 15:17:48 spef.cpp:27] added 2 spef nets
I  9792 23-05-24 15:17:48 spef.cpp:27] added 6 spef nets
I  9792 23-05-24 15:17:48 spef.cpp:27] added 10 spef nets
I  9792 23-05-24 15:17:48 spef.cpp:27] added 100 spef nets
I  9792 23-05-24 15:17:48 spef.cpp:27] added 2308 spef nets
I  9792 23-05-24 15:17:48 spef.cpp:27] added 5 spef nets
I  9792 23-05-24 15:17:48 spef.cpp:27] added 452 spef nets
--------------------------------
number of replication ftasks: 2989
number of ftotal tasks: 4661
ftask replication rate: 64.1279%
number of replication btasks: 3287
number of btotal tasks: 4661
btask replication rate: 70.5213%
build_cands_runtime : 637
cluster_runtime : 2355
partition_runtime : 39097
process_cluster_runtime : 187
partitioned_execution_runtime : 7721
string_to_int_runtime : 818
hash_runtime : 443
hash_to_vector_runtime : 63
--------------------------------

<end of output>
Test time =   0.12 sec
----------------------------------------------------------
Test Passed.
"it.tau15.c5315" end time: May 24 15:17 MDT
"it.tau15.c5315" time elapsed: 00:00:00
----------------------------------------------------------

15/64 Testing: it.tau15.c6288
15/64 Test: it.tau15.c6288
Command: "/home/boyang/Desktop/opentimer_ver2/OpenTimer/inttest/tau15.py" "/home/boyang/Desktop/opentimer_ver2/OpenTimer/bin/ot-tau15" "/home/boyang/Desktop/opentimer_ver2/OpenTimer/benchmark" "c6288"
Directory: /home/boyang/Desktop/opentimer_ver2/OpenTimer/build
"it.tau15.c6288" start time: May 24 15:17 MDT
Output:
----------------------------------------------------------
I 42560 23-05-24 15:17:48 spef.cpp:15] loading spef "c6288.spef"
I 38464 23-05-24 15:17:48 celllib.cpp:34] loading celllib "c6288_Late.lib"
I 58944 23-05-24 15:17:48 celllib.cpp:34] loading celllib "c6288_Early.lib"
I 42560 23-05-24 15:17:48 spef.cpp:15] loading spef "change_3.spef"
I 58944 23-05-24 15:17:48 spef.cpp:15] loading spef "change_6.spef"
I 54848 23-05-24 15:17:48 verilog.cpp:14] loading netlist "c6288.v"
I 50752 23-05-24 15:17:48 spef.cpp:15] loading spef "change_2.spef"
I 63040 23-05-24 15:17:48 spef.cpp:15] loading spef "change_5.spef"
I 54848 23-05-24 15:17:48 spef.cpp:15] loading spef "change_4.spef"
I 46656 23-05-24 15:17:48 spef.cpp:15] loading spef "change_7.spef"
I 46656 23-05-24 15:17:48 tau15.cpp:76] loading timing "c6288.timing" ...
I 58944 23-05-24 15:17:48 spef.cpp:15] loading spef "change_1.spef"
I 58944 23-05-24 15:17:48 unit.cpp:244] use celllib time unit 1e-12 s
I 58944 23-05-24 15:17:48 unit.cpp:258] use celllib capacitance unit 1e-15 F
I 58944 23-05-24 15:17:48 unit.cpp:272] use celllib current unit 0.001 A
I 58944 23-05-24 15:17:48 unit.cpp:286] use celllib voltage unit 1 V
I 58944 23-05-24 15:17:48 unit.cpp:314] use celllib power unit 1e-06 W
I 58944 23-05-24 15:17:48 celllib.cpp:66] added min celllib "tau2015_c6288_Early" [cells:105]
I 58944 23-05-24 15:17:48 celllib.cpp:66] added max celllib "tau2015_c6288_Late" [cells:105]
I 58944 23-05-24 15:17:48 verilog.cpp:21] added verilog module "c6288" [gates:1667]
I 58944 23-05-24 15:17:48 unit.cpp:350] use spef resistance unit 1000 Ohm
I 58944 23-05-24 15:17:48 spef.cpp:27] added 1699 spef nets
I 58944 23-05-24 15:17:48 tau15.cpp:81] add 128 timing assertions
I 58944 23-05-24 15:17:48 timer.cpp:494] enable cppr analysis
I 58944 23-05-24 15:17:48 spef.cpp:27] added 2 spef nets
I 58944 23-05-24 15:17:48 spef.cpp:27] added 6 spef nets
I 58944 23-05-24 15:17:48 spef.cpp:27] added 10 spef nets
I 58944 23-05-24 15:17:48 spef.cpp:27] added 100 spef nets
I 58944 23-05-24 15:17:48 spef.cpp:27] added 3514 spef nets
I 58944 23-05-24 15:17:48 spef.cpp:27] added 5 spef nets
I 58944 23-05-24 15:17:48 spef.cpp:27] added 467 spef nets
--------------------------------
number of replication ftasks: 7241
number of ftotal tasks: 7459
ftask replication rate: 97.0774%
number of replication btasks: 6840
number of btotal tasks: 7459
btask replication rate: 91.7013%
build_cands_runtime : 1328
cluster_runtime : 1974
partition_runtime : 44781
process_cluster_runtime : 100
partitioned_execution_runtime : 10627
string_to_int_runtime : 532
hash_runtime : 360
hash_to_vector_runtime : 22
--------------------------------

<end of output>
Test time =   0.15 sec
----------------------------------------------------------
Test Passed.
"it.tau15.c6288" end time: May 24 15:17 MDT
"it.tau15.c6288" time elapsed: 00:00:00
----------------------------------------------------------

16/64 Testing: it.tau15.c7552
16/64 Test: it.tau15.c7552
Command: "/home/boyang/Desktop/opentimer_ver2/OpenTimer/inttest/tau15.py" "/home/boyang/Desktop/opentimer_ver2/OpenTimer/bin/ot-tau15" "/home/boyang/Desktop/opentimer_ver2/OpenTimer/benchmark" "c7552"
Directory: /home/boyang/Desktop/opentimer_ver2/OpenTimer/build
"it.tau15.c7552" start time: May 24 15:17 MDT
Output:
----------------------------------------------------------
I 13888 23-05-24 15:17:49 verilog.cpp:14] loading netlist "c7552.v"
I 58944 23-05-24 15:17:49 spef.cpp:15] loading spef "change_1.spef"
I 38464 23-05-24 15:17:49 celllib.cpp:34] loading celllib "c7552_Late.lib"
I 50752 23-05-24 15:17:49 spef.cpp:15] loading spef "c7552.spef"
I 54848 23-05-24 15:17:49 celllib.cpp:34] loading celllib "c7552_Early.lib"
I 58944 23-05-24 15:17:49 spef.cpp:15] loading spef "change_4.spef"
I 17984 23-05-24 15:17:49 spef.cpp:15] loading spef "change_2.spef"
I 34368 23-05-24 15:17:49 spef.cpp:15] loading spef "change_6.spef"
I 54848 23-05-24 15:17:49 spef.cpp:15] loading spef "change_5.spef"
I 42560 23-05-24 15:17:49 tau15.cpp:76] loading timing "c7552.timing" ...
I 46656 23-05-24 15:17:49 spef.cpp:15] loading spef "change_3.spef"
I 30272 23-05-24 15:17:49 spef.cpp:15] loading spef "change_7.spef"
I 54848 23-05-24 15:17:49 unit.cpp:244] use celllib time unit 1e-12 s
I 54848 23-05-24 15:17:49 unit.cpp:258] use celllib capacitance unit 1e-15 F
I 54848 23-05-24 15:17:49 unit.cpp:272] use celllib current unit 0.001 A
I 54848 23-05-24 15:17:49 unit.cpp:286] use celllib voltage unit 1 V
I 54848 23-05-24 15:17:49 unit.cpp:314] use celllib power unit 1e-06 W
I 54848 23-05-24 15:17:49 celllib.cpp:66] added min celllib "tau2015_c7552_Early" [cells:105]
I 38464 23-05-24 15:17:49 celllib.cpp:66] added max celllib "tau2015_c7552_Late" [cells:105]
I 38464 23-05-24 15:17:49 verilog.cpp:21] added verilog module "c7552" [gates:1147]
I 38464 23-05-24 15:17:49 unit.cpp:350] use spef resistance unit 1000 Ohm
I 38464 23-05-24 15:17:49 spef.cpp:27] added 1353 spef nets
I 38464 23-05-24 15:17:49 tau15.cpp:81] add 626 timing assertions
I 38464 23-05-24 15:17:49 timer.cpp:494] enable cppr analysis
I 38464 23-05-24 15:17:49 spef.cpp:27] added 2 spef nets
I 38464 23-05-24 15:17:49 spef.cpp:27] added 6 spef nets
I 38464 23-05-24 15:17:49 spef.cpp:27] added 10 spef nets
I 38464 23-05-24 15:17:49 spef.cpp:27] added 100 spef nets
I 38464 23-05-24 15:17:49 spef.cpp:27] added 2822 spef nets
I 38464 23-05-24 15:17:49 spef.cpp:27] added 5 spef nets
I 38464 23-05-24 15:17:49 spef.cpp:27] added 453 spef nets
--------------------------------
number of replication ftasks: 4315
number of ftotal tasks: 5732
ftask replication rate: 75.2791%
number of replication btasks: 4453
number of btotal tasks: 5732
btask replication rate: 77.6867%
build_cands_runtime : 839
cluster_runtime : 2754
partition_runtime : 61960
process_cluster_runtime : 181
partitioned_execution_runtime : 4781
string_to_int_runtime : 1062
hash_runtime : 482
hash_to_vector_runtime : 60
--------------------------------

<end of output>
Test time =   0.15 sec
----------------------------------------------------------
Test Passed.
"it.tau15.c7552" end time: May 24 15:17 MDT
"it.tau15.c7552" time elapsed: 00:00:00
----------------------------------------------------------

17/64 Testing: it.tau15.c7552_slack
17/64 Test: it.tau15.c7552_slack
Command: "/home/boyang/Desktop/opentimer_ver2/OpenTimer/inttest/tau15.py" "/home/boyang/Desktop/opentimer_ver2/OpenTimer/bin/ot-tau15" "/home/boyang/Desktop/opentimer_ver2/OpenTimer/benchmark" "c7552_slack"
Directory: /home/boyang/Desktop/opentimer_ver2/OpenTimer/build
"it.tau15.c7552_slack" start time: May 24 15:17 MDT
Output:
----------------------------------------------------------
I 54848 23-05-24 15:17:49 spef.cpp:15] loading spef "c7552_slack.spef"
I 50752 23-05-24 15:17:49 verilog.cpp:14] loading netlist "c7552_slack.v"
I 17984 23-05-24 15:17:49 tau15.cpp:76] loading timing "c7552_slack.timing" ...
I 46656 23-05-24 15:17:49 celllib.cpp:34] loading celllib "c7552_slack_Late.lib"
I 63040 23-05-24 15:17:49 spef.cpp:15] loading spef "change_1.spef"
I 50752 23-05-24 15:17:49 spef.cpp:15] loading spef "change_6.spef"
I  5696 23-05-24 15:17:49 spef.cpp:15] loading spef "change_3.spef"
I 13888 23-05-24 15:17:49 spef.cpp:15] loading spef "change_5.spef"
I 46656 23-05-24 15:17:49 spef.cpp:15] loading spef "change_2.spef"
I 22080 23-05-24 15:17:49 spef.cpp:15] loading spef "change_4.spef"
I 54848 23-05-24 15:17:49 spef.cpp:15] loading spef "change_7.spef"
I  9792 23-05-24 15:17:49 celllib.cpp:34] loading celllib "c7552_slack_Early.lib"
I  9792 23-05-24 15:17:49 unit.cpp:244] use celllib time unit 1e-12 s
I  9792 23-05-24 15:17:49 unit.cpp:258] use celllib capacitance unit 1e-15 F
I  9792 23-05-24 15:17:49 unit.cpp:272] use celllib current unit 0.001 A
I  9792 23-05-24 15:17:49 unit.cpp:286] use celllib voltage unit 1 V
I  9792 23-05-24 15:17:49 unit.cpp:314] use celllib power unit 1e-06 W
I  9792 23-05-24 15:17:49 celllib.cpp:66] added min celllib "tau2015_c7552_slack_Early" [cells:105]
I 46656 23-05-24 15:17:49 celllib.cpp:66] added max celllib "tau2015_c7552_slack_Late" [cells:105]
I 46656 23-05-24 15:17:49 verilog.cpp:21] added verilog module "c7552_slack" [gates:1147]
I 46656 23-05-24 15:17:49 unit.cpp:350] use spef resistance unit 1000 Ohm
I 46656 23-05-24 15:17:49 spef.cpp:27] added 1353 spef nets
I 46656 23-05-24 15:17:49 tau15.cpp:81] add 626 timing assertions
I 46656 23-05-24 15:17:49 timer.cpp:494] enable cppr analysis
I 46656 23-05-24 15:17:49 spef.cpp:27] added 2 spef nets
I 46656 23-05-24 15:17:49 spef.cpp:27] added 6 spef nets
I 46656 23-05-24 15:17:49 spef.cpp:27] added 10 spef nets
I 46656 23-05-24 15:17:49 spef.cpp:27] added 100 spef nets
I 46656 23-05-24 15:17:49 spef.cpp:27] added 2822 spef nets
I 46656 23-05-24 15:17:49 spef.cpp:27] added 5 spef nets
I 46656 23-05-24 15:17:49 spef.cpp:27] added 453 spef nets
--------------------------------
number of replication ftasks: 4217
number of ftotal tasks: 5732
ftask replication rate: 73.5694%
number of replication btasks: 4394
number of btotal tasks: 5732
btask replication rate: 76.6574%
build_cands_runtime : 866
cluster_runtime : 3007
partition_runtime : 58713
process_cluster_runtime : 230
partitioned_execution_runtime : 3985
string_to_int_runtime : 1195
hash_runtime : 569
hash_to_vector_runtime : 75
--------------------------------

<end of output>
Test time =   0.14 sec
----------------------------------------------------------
Test Passed.
"it.tau15.c7552_slack" end time: May 24 15:17 MDT
"it.tau15.c7552_slack" time elapsed: 00:00:00
----------------------------------------------------------

18/64 Testing: it.tau15.simple
18/64 Test: it.tau15.simple
Command: "/home/boyang/Desktop/opentimer_ver2/OpenTimer/inttest/tau15.py" "/home/boyang/Desktop/opentimer_ver2/OpenTimer/bin/ot-tau15" "/home/boyang/Desktop/opentimer_ver2/OpenTimer/benchmark" "simple"
Directory: /home/boyang/Desktop/opentimer_ver2/OpenTimer/build
"it.tau15.simple" start time: May 24 15:17 MDT
Output:
----------------------------------------------------------
I 46656 23-05-24 15:17:49 celllib.cpp:34] loading celllib "simple_Early.lib"
I 26176 23-05-24 15:17:49 verilog.cpp:14] loading netlist "simple.v"
I 22080 23-05-24 15:17:49 celllib.cpp:34] loading celllib "simple_Late.lib"
I 63040 23-05-24 15:17:49 tau15.cpp:76] loading timing "simple.timing" ...
I 30272 23-05-24 15:17:49 spef.cpp:15] loading spef "simple.spef"
I 46656 23-05-24 15:17:49 unit.cpp:244] use celllib time unit 1e-12 s
I 46656 23-05-24 15:17:49 unit.cpp:258] use celllib capacitance unit 1e-15 F
I 46656 23-05-24 15:17:49 unit.cpp:272] use celllib current unit 0.001 A
I 46656 23-05-24 15:17:49 unit.cpp:286] use celllib voltage unit 1 V
I 46656 23-05-24 15:17:49 unit.cpp:300] use celllib resistance unit 1000 Ohm
I 46656 23-05-24 15:17:49 unit.cpp:314] use celllib power unit 1e-06 W
I 46656 23-05-24 15:17:49 celllib.cpp:66] added min celllib "contest" [cells:211]
I 22080 23-05-24 15:17:49 celllib.cpp:66] added max celllib "contest" [cells:211]
I 22080 23-05-24 15:17:49 verilog.cpp:21] added verilog module "simple" [gates:5]
I 22080 23-05-24 15:17:49 spef.cpp:27] added 6 spef nets
I 22080 23-05-24 15:17:49 tau15.cpp:81] add 9 timing assertions
I 22080 23-05-24 15:17:49 timer.cpp:494] enable cppr analysis
I 63040 23-05-24 15:17:49 spef.cpp:15] loading spef "change1.spef"
I 63040 23-05-24 15:17:49 spef.cpp:27] added 2 spef nets
I 63040 23-05-24 15:17:49 spef.cpp:15] loading spef "change2.spef"
I 63040 23-05-24 15:17:49 spef.cpp:27] added 1 spef nets
--------------------------------
number of replication ftasks: 3
number of ftotal tasks: 17
ftask replication rate: 17.6471%
number of replication btasks: 4
number of btotal tasks: 17
btask replication rate: 23.5294%
--------------------------------
number of replication ftasks: 3
number of ftotal tasks: 19
ftask replication rate: 15.7895%
number of replication btasks: 4
number of btotal tasks: 19
btask replication rate: 21.0526%
--------------------------------
number of replication ftasks: 3
number of ftotal tasks: 17
ftask replication rate: 17.6471%
number of replication btasks: 4
number of btotal tasks: 17
btask replication rate: 23.5294%
build_cands_runtime : 5
cluster_runtime : 25
partition_runtime : 10671
process_cluster_runtime : 11
partitioned_execution_runtime : 222
string_to_int_runtime : 3
hash_runtime : 13
hash_to_vector_runtime : 0
--------------------------------

<end of output>
Test time =   0.06 sec
----------------------------------------------------------
Test Passed.
"it.tau15.simple" end time: May 24 15:17 MDT
"it.tau15.simple" time elapsed: 00:00:00
----------------------------------------------------------

19/64 Testing: it.tau15.s27
19/64 Test: it.tau15.s27
Command: "/home/boyang/Desktop/opentimer_ver2/OpenTimer/inttest/tau15.py" "/home/boyang/Desktop/opentimer_ver2/OpenTimer/bin/ot-tau15" "/home/boyang/Desktop/opentimer_ver2/OpenTimer/benchmark" "s27"
Directory: /home/boyang/Desktop/opentimer_ver2/OpenTimer/build
"it.tau15.s27" start time: May 24 15:17 MDT
Output:
----------------------------------------------------------
I 42560 23-05-24 15:17:49 celllib.cpp:34] loading celllib "s27_Late.lib"
I  1600 23-05-24 15:17:49 celllib.cpp:34] loading celllib "s27_Early.lib"
I 63040 23-05-24 15:17:49 tau15.cpp:76] loading timing "s27.timing" ...
I 46656 23-05-24 15:17:49 verilog.cpp:14] loading netlist "s27.v"
I 46656 23-05-24 15:17:49 spef.cpp:15] loading spef "s27.spef"
I  1600 23-05-24 15:17:49 unit.cpp:244] use celllib time unit 1e-12 s
I  1600 23-05-24 15:17:49 unit.cpp:258] use celllib capacitance unit 1e-15 F
I  1600 23-05-24 15:17:49 unit.cpp:272] use celllib current unit 0.001 A
I  1600 23-05-24 15:17:49 unit.cpp:286] use celllib voltage unit 1 V
I  1600 23-05-24 15:17:49 unit.cpp:314] use celllib power unit 1e-06 W
I  1600 23-05-24 15:17:49 celllib.cpp:66] added min celllib "tau2015_s27_Early" [cells:105]
I 42560 23-05-24 15:17:49 celllib.cpp:66] added max celllib "tau2015_s27_Late" [cells:105]
I 42560 23-05-24 15:17:49 verilog.cpp:21] added verilog module "s27" [gates:28]
I 42560 23-05-24 15:17:49 unit.cpp:350] use spef resistance unit 1000 Ohm
I 42560 23-05-24 15:17:49 spef.cpp:27] added 34 spef nets
I 42560 23-05-24 15:17:49 tau15.cpp:81] add 15 timing assertions
I 42560 23-05-24 15:17:49 timer.cpp:494] enable cppr analysis
I 63040 23-05-24 15:17:49 spef.cpp:15] loading spef "change_1.spef"
I 63040 23-05-24 15:17:49 spef.cpp:27] added 2 spef nets
I 54848 23-05-24 15:17:49 spef.cpp:15] loading spef "change_2.spef"
I 54848 23-05-24 15:17:49 spef.cpp:27] added 6 spef nets
I  9792 23-05-24 15:17:49 spef.cpp:15] loading spef "change_3.spef"
I  9792 23-05-24 15:17:49 spef.cpp:27] added 10 spef nets
I  9792 23-05-24 15:17:49 spef.cpp:15] loading spef "change_4.spef"
I  9792 23-05-24 15:17:49 spef.cpp:27] added 62 spef nets
I 54848 23-05-24 15:17:49 spef.cpp:15] loading spef "change_5.spef"
I 54848 23-05-24 15:17:49 spef.cpp:27] added 124 spef nets
I 58944 23-05-24 15:17:49 spef.cpp:15] loading spef "change_6.spef"
I 58944 23-05-24 15:17:49 spef.cpp:27] added 5 spef nets
I  9792 23-05-24 15:17:49 spef.cpp:15] loading spef "change_7.spef"
I 17984 23-05-24 15:17:49 spef.cpp:27] added 16 spef nets
--------------------------------
number of replication ftasks: 60
number of ftotal tasks: 81
ftask replication rate: 74.0741%
number of replication btasks: 23
number of btotal tasks: 81
btask replication rate: 28.3951%
--------------------------------
number of replication ftasks: 62
number of ftotal tasks: 83
ftask replication rate: 74.6988%
number of replication btasks: 25
number of btotal tasks: 83
btask replication rate: 30.1205%
--------------------------------
number of replication ftasks: 68
number of ftotal tasks: 89
ftask replication rate: 76.4045%
number of replication btasks: 27
number of btotal tasks: 89
btask replication rate: 30.3371%
--------------------------------
number of replication ftasks: 76
number of ftotal tasks: 99
ftask replication rate: 76.7677%
number of replication btasks: 33
number of btotal tasks: 99
btask replication rate: 33.3333%
--------------------------------
number of replication ftasks: 126
number of ftotal tasks: 161
ftask replication rate: 78.2609%
number of replication btasks: 63
number of btotal tasks: 161
btask replication rate: 39.1304%
--------------------------------
number of replication ftasks: 226
number of ftotal tasks: 285
ftask replication rate: 79.2982%
number of replication btasks: 123
number of btotal tasks: 285
btask replication rate: 43.1579%
--------------------------------
number of replication ftasks: 218
number of ftotal tasks: 275
ftask replication rate: 79.2727%
number of replication btasks: 119
number of btotal tasks: 275
btask replication rate: 43.2727%
--------------------------------
number of replication ftasks: 52
number of ftotal tasks: 69
ftask replication rate: 75.3623%
number of replication btasks: 19
number of btotal tasks: 69
btask replication rate: 27.5362%
build_cands_runtime : 97
cluster_runtime : 195
partition_runtime : 39455
process_cluster_runtime : 36
partitioned_execution_runtime : 1824
string_to_int_runtime : 47
hash_runtime : 82
hash_to_vector_runtime : 4
--------------------------------

<end of output>
Test time =   0.10 sec
----------------------------------------------------------
Test Passed.
"it.tau15.s27" end time: May 24 15:17 MDT
"it.tau15.s27" time elapsed: 00:00:00
----------------------------------------------------------

20/64 Testing: it.tau15.s27_path
20/64 Test: it.tau15.s27_path
Command: "/home/boyang/Desktop/opentimer_ver2/OpenTimer/inttest/tau15.py" "/home/boyang/Desktop/opentimer_ver2/OpenTimer/bin/ot-tau15" "/home/boyang/Desktop/opentimer_ver2/OpenTimer/benchmark" "s27_path"
Directory: /home/boyang/Desktop/opentimer_ver2/OpenTimer/build
"it.tau15.s27_path" start time: May 24 15:17 MDT
Output:
----------------------------------------------------------
I  9792 23-05-24 15:17:49 celllib.cpp:34] loading celllib "s27_path_Early.lib"
I 30272 23-05-24 15:17:49 tau15.cpp:76] loading timing "s27_path.timing" ...
I 50752 23-05-24 15:17:49 verilog.cpp:14] loading netlist "s27_path.v"
I 22080 23-05-24 15:17:49 celllib.cpp:34] loading celllib "s27_path_Late.lib"
I 26176 23-05-24 15:17:49 spef.cpp:15] loading spef "s27_path.spef"
I 38464 23-05-24 15:17:49 spef.cpp:15] loading spef "change_1.spef"
I  9792 23-05-24 15:17:49 unit.cpp:244] use celllib time unit 1e-12 s
I  9792 23-05-24 15:17:49 unit.cpp:258] use celllib capacitance unit 1e-15 F
I  9792 23-05-24 15:17:49 unit.cpp:272] use celllib current unit 0.001 A
I  9792 23-05-24 15:17:49 unit.cpp:286] use celllib voltage unit 1 V
I  9792 23-05-24 15:17:49 unit.cpp:314] use celllib power unit 1e-06 W
I  9792 23-05-24 15:17:49 celllib.cpp:66] added min celllib "tau2015_s27_path_Early" [cells:105]
I  9792 23-05-24 15:17:49 celllib.cpp:66] added max celllib "tau2015_s27_path_Late" [cells:105]
I  9792 23-05-24 15:17:49 verilog.cpp:21] added verilog module "s27_path" [gates:28]
I  9792 23-05-24 15:17:49 unit.cpp:350] use spef resistance unit 1000 Ohm
I  9792 23-05-24 15:17:49 spef.cpp:27] added 34 spef nets
I  9792 23-05-24 15:17:49 tau15.cpp:81] add 15 timing assertions
I  9792 23-05-24 15:17:49 timer.cpp:494] enable cppr analysis
I  9792 23-05-24 15:17:49 spef.cpp:27] added 2 spef nets
I  9792 23-05-24 15:17:49 spef.cpp:15] loading spef "change_2.spef"
I  9792 23-05-24 15:17:49 spef.cpp:27] added 6 spef nets
I 30272 23-05-24 15:17:49 spef.cpp:15] loading spef "change_3.spef"
I 30272 23-05-24 15:17:49 spef.cpp:27] added 10 spef nets
I 34368 23-05-24 15:17:49 spef.cpp:15] loading spef "change_4.spef"
I 34368 23-05-24 15:17:49 spef.cpp:27] added 62 spef nets
I 34368 23-05-24 15:17:49 spef.cpp:15] loading spef "change_5.spef"
I 34368 23-05-24 15:17:49 spef.cpp:27] added 124 spef nets
I 30272 23-05-24 15:17:49 spef.cpp:15] loading spef "change_6.spef"
I 30272 23-05-24 15:17:49 spef.cpp:27] added 5 spef nets
I 34368 23-05-24 15:17:49 spef.cpp:15] loading spef "change_7.spef"
I 50752 23-05-24 15:17:49 spef.cpp:27] added 16 spef nets
--------------------------------
number of replication ftasks: 62
number of ftotal tasks: 83
ftask replication rate: 74.6988%
number of replication btasks: 25
number of btotal tasks: 83
btask replication rate: 30.1205%
--------------------------------
number of replication ftasks: 68
number of ftotal tasks: 89
ftask replication rate: 76.4045%
number of replication btasks: 27
number of btotal tasks: 89
btask replication rate: 30.3371%
--------------------------------
number of replication ftasks: 76
number of ftotal tasks: 99
ftask replication rate: 76.7677%
number of replication btasks: 33
number of btotal tasks: 99
btask replication rate: 33.3333%
--------------------------------
number of replication ftasks: 126
number of ftotal tasks: 161
ftask replication rate: 78.2609%
number of replication btasks: 63
number of btotal tasks: 161
btask replication rate: 39.1304%
--------------------------------
number of replication ftasks: 226
number of ftotal tasks: 285
ftask replication rate: 79.2982%
number of replication btasks: 123
number of btotal tasks: 285
btask replication rate: 43.1579%
--------------------------------
number of replication ftasks: 218
number of ftotal tasks: 275
ftask replication rate: 79.2727%
number of replication btasks: 119
number of btotal tasks: 275
btask replication rate: 43.2727%
--------------------------------
number of replication ftasks: 52
number of ftotal tasks: 69
ftask replication rate: 75.3623%
number of replication btasks: 19
number of btotal tasks: 69
btask replication rate: 27.5362%
build_cands_runtime : 105
cluster_runtime : 210
partition_runtime : 54764
process_cluster_runtime : 34
partitioned_execution_runtime : 2919
string_to_int_runtime : 50
hash_runtime : 84
hash_to_vector_runtime : 5
--------------------------------

<end of output>
Test time =   0.11 sec
----------------------------------------------------------
Test Passed.
"it.tau15.s27_path" end time: May 24 15:17 MDT
"it.tau15.s27_path" time elapsed: 00:00:00
----------------------------------------------------------

21/64 Testing: it.tau15.s27_spef
21/64 Test: it.tau15.s27_spef
Command: "/home/boyang/Desktop/opentimer_ver2/OpenTimer/inttest/tau15.py" "/home/boyang/Desktop/opentimer_ver2/OpenTimer/bin/ot-tau15" "/home/boyang/Desktop/opentimer_ver2/OpenTimer/benchmark" "s27_spef"
Directory: /home/boyang/Desktop/opentimer_ver2/OpenTimer/build
"it.tau15.s27_spef" start time: May 24 15:17 MDT
Output:
----------------------------------------------------------
I 54848 23-05-24 15:17:49 celllib.cpp:34] loading celllib "s27_spef_Late.lib"
I 34368 23-05-24 15:17:49 spef.cpp:15] loading spef "s27_spef.spef"
I 58944 23-05-24 15:17:49 verilog.cpp:14] loading netlist "s27_spef.v"
I 22080 23-05-24 15:17:49 tau15.cpp:76] loading timing "s27_spef.timing" ...
I 30272 23-05-24 15:17:49 celllib.cpp:34] loading celllib "s27_spef_Early.lib"
I 30272 23-05-24 15:17:49 unit.cpp:244] use celllib time unit 1e-12 s
I 30272 23-05-24 15:17:49 unit.cpp:258] use celllib capacitance unit 1e-15 F
I 30272 23-05-24 15:17:49 unit.cpp:272] use celllib current unit 0.001 A
I 30272 23-05-24 15:17:49 unit.cpp:286] use celllib voltage unit 1 V
I 30272 23-05-24 15:17:49 unit.cpp:314] use celllib power unit 1e-06 W
I 30272 23-05-24 15:17:49 celllib.cpp:66] added min celllib "tau2015_s27_Early" [cells:105]
I 30272 23-05-24 15:17:49 celllib.cpp:66] added max celllib "tau2015_s27_Late" [cells:105]
I 30272 23-05-24 15:17:49 verilog.cpp:21] added verilog module "s27" [gates:28]
I 30272 23-05-24 15:17:49 unit.cpp:350] use spef resistance unit 1000 Ohm
I 30272 23-05-24 15:17:49 spef.cpp:27] added 34 spef nets
I 30272 23-05-24 15:17:49 tau15.cpp:81] add 15 timing assertions
I 30272 23-05-24 15:17:49 timer.cpp:494] enable cppr analysis
I 26176 23-05-24 15:17:49 spef.cpp:15] loading spef "change_1.spef"
I 26176 23-05-24 15:17:49 spef.cpp:27] added 2 spef nets
I 46656 23-05-24 15:17:49 spef.cpp:15] loading spef "change_2.spef"
I 46656 23-05-24 15:17:49 spef.cpp:27] added 6 spef nets
I 30272 23-05-24 15:17:49 spef.cpp:15] loading spef "change_3.spef"
I 30272 23-05-24 15:17:49 spef.cpp:27] added 10 spef nets
I 58944 23-05-24 15:17:49 spef.cpp:15] loading spef "change_4.spef"
I 58944 23-05-24 15:17:49 spef.cpp:27] added 62 spef nets
I 22080 23-05-24 15:17:49 spef.cpp:15] loading spef "change_5.spef"
I 22080 23-05-24 15:17:49 spef.cpp:27] added 124 spef nets
I 38464 23-05-24 15:17:49 spef.cpp:15] loading spef "change_6.spef"
I 38464 23-05-24 15:17:49 spef.cpp:27] added 5 spef nets
I 30272 23-05-24 15:17:49 spef.cpp:15] loading spef "change_7.spef"
I 58944 23-05-24 15:17:49 spef.cpp:27] added 16 spef nets
--------------------------------
number of replication ftasks: 60
number of ftotal tasks: 81
ftask replication rate: 74.0741%
number of replication btasks: 23
number of btotal tasks: 81
btask replication rate: 28.3951%
--------------------------------
number of replication ftasks: 62
number of ftotal tasks: 83
ftask replication rate: 74.6988%
number of replication btasks: 25
number of btotal tasks: 83
btask replication rate: 30.1205%
--------------------------------
number of replication ftasks: 68
number of ftotal tasks: 89
ftask replication rate: 76.4045%
number of replication btasks: 27
number of btotal tasks: 89
btask replication rate: 30.3371%
--------------------------------
number of replication ftasks: 76
number of ftotal tasks: 99
ftask replication rate: 76.7677%
number of replication btasks: 33
number of btotal tasks: 99
btask replication rate: 33.3333%
--------------------------------
number of replication ftasks: 126
number of ftotal tasks: 161
ftask replication rate: 78.2609%
number of replication btasks: 63
number of btotal tasks: 161
btask replication rate: 39.1304%
--------------------------------
number of replication ftasks: 226
number of ftotal tasks: 285
ftask replication rate: 79.2982%
number of replication btasks: 123
number of btotal tasks: 285
btask replication rate: 43.1579%
--------------------------------
number of replication ftasks: 218
number of ftotal tasks: 275
ftask replication rate: 79.2727%
number of replication btasks: 119
number of btotal tasks: 275
btask replication rate: 43.2727%
--------------------------------
number of replication ftasks: 52
number of ftotal tasks: 69
ftask replication rate: 75.3623%
number of replication btasks: 19
number of btotal tasks: 69
btask replication rate: 27.5362%
build_cands_runtime : 82
cluster_runtime : 203
partition_runtime : 74819
process_cluster_runtime : 32
partitioned_execution_runtime : 7296
string_to_int_runtime : 51
hash_runtime : 75
hash_to_vector_runtime : 3
--------------------------------

<end of output>
Test time =   0.14 sec
----------------------------------------------------------
Test Passed.
"it.tau15.s27_spef" end time: May 24 15:17 MDT
"it.tau15.s27_spef" time elapsed: 00:00:00
----------------------------------------------------------

22/64 Testing: it.tau15.s344
22/64 Test: it.tau15.s344
Command: "/home/boyang/Desktop/opentimer_ver2/OpenTimer/inttest/tau15.py" "/home/boyang/Desktop/opentimer_ver2/OpenTimer/bin/ot-tau15" "/home/boyang/Desktop/opentimer_ver2/OpenTimer/benchmark" "s344"
Directory: /home/boyang/Desktop/opentimer_ver2/OpenTimer/build
"it.tau15.s344" start time: May 24 15:17 MDT
Output:
----------------------------------------------------------
I 63040 23-05-24 15:17:49 celllib.cpp:34] loading celllib "s344_Early.lib"
I  1600 23-05-24 15:17:49 spef.cpp:15] loading spef "change_1.spef"
I  5696 23-05-24 15:17:49 verilog.cpp:14] loading netlist "s344.v"
I 34368 23-05-24 15:17:49 spef.cpp:15] loading spef "s344.spef"
I 13888 23-05-24 15:17:49 tau15.cpp:76] loading timing "s344.timing" ...
I  1600 23-05-24 15:17:49 celllib.cpp:34] loading celllib "s344_Late.lib"
I 54848 23-05-24 15:17:49 spef.cpp:15] loading spef "change_2.spef"
I  9792 23-05-24 15:17:49 spef.cpp:15] loading spef "change_3.spef"
I 30272 23-05-24 15:17:49 spef.cpp:15] loading spef "change_6.spef"
I  5696 23-05-24 15:17:49 spef.cpp:15] loading spef "change_4.spef"
I 13888 23-05-24 15:17:49 spef.cpp:15] loading spef "change_5.spef"
I 58944 23-05-24 15:17:49 spef.cpp:15] loading spef "change_7.spef"
I 63040 23-05-24 15:17:49 unit.cpp:244] use celllib time unit 1e-12 s
I 63040 23-05-24 15:17:49 unit.cpp:258] use celllib capacitance unit 1e-15 F
I 63040 23-05-24 15:17:49 unit.cpp:272] use celllib current unit 0.001 A
I 63040 23-05-24 15:17:49 unit.cpp:286] use celllib voltage unit 1 V
I 63040 23-05-24 15:17:49 unit.cpp:314] use celllib power unit 1e-06 W
I 63040 23-05-24 15:17:49 celllib.cpp:66] added min celllib "tau2015_s344_Early" [cells:105]
I  1600 23-05-24 15:17:49 celllib.cpp:66] added max celllib "tau2015_s344_Late" [cells:105]
I  1600 23-05-24 15:17:49 verilog.cpp:21] added verilog module "s344" [gates:182]
I  1600 23-05-24 15:17:49 unit.cpp:350] use spef resistance unit 1000 Ohm
I  1600 23-05-24 15:17:49 spef.cpp:27] added 193 spef nets
I  1600 23-05-24 15:17:49 tau15.cpp:81] add 45 timing assertions
I  1600 23-05-24 15:17:49 timer.cpp:494] enable cppr analysis
I  1600 23-05-24 15:17:49 spef.cpp:27] added 2 spef nets
I  1600 23-05-24 15:17:49 spef.cpp:27] added 6 spef nets
I  1600 23-05-24 15:17:49 spef.cpp:27] added 10 spef nets
I  1600 23-05-24 15:17:49 spef.cpp:27] added 100 spef nets
I  1600 23-05-24 15:17:49 spef.cpp:27] added 396 spef nets
I  1600 23-05-24 15:17:49 spef.cpp:27] added 5 spef nets
I  1600 23-05-24 15:17:49 spef.cpp:27] added 99 spef nets
--------------------------------
number of replication ftasks: 210
number of ftotal tasks: 446
ftask replication rate: 47.0852%
number of replication btasks: 48
number of btotal tasks: 446
btask replication rate: 10.7623%
build_cands_runtime : 35
cluster_runtime : 132
partition_runtime : 20893
process_cluster_runtime : 19
partitioned_execution_runtime : 1370
string_to_int_runtime : 27
hash_runtime : 61
hash_to_vector_runtime : 4
--------------------------------

<end of output>
Test time =   0.11 sec
----------------------------------------------------------
Test Passed.
"it.tau15.s344" end time: May 24 15:17 MDT
"it.tau15.s344" time elapsed: 00:00:00
----------------------------------------------------------

23/64 Testing: it.tau15.s349
23/64 Test: it.tau15.s349
Command: "/home/boyang/Desktop/opentimer_ver2/OpenTimer/inttest/tau15.py" "/home/boyang/Desktop/opentimer_ver2/OpenTimer/bin/ot-tau15" "/home/boyang/Desktop/opentimer_ver2/OpenTimer/benchmark" "s349"
Directory: /home/boyang/Desktop/opentimer_ver2/OpenTimer/build
"it.tau15.s349" start time: May 24 15:17 MDT
Output:
----------------------------------------------------------
I 54848 23-05-24 15:17:49 spef.cpp:15] loading spef "change_2.spef"
I 42560 23-05-24 15:17:49 spef.cpp:15] loading spef "change_5.spef"
I 58944 23-05-24 15:17:49 spef.cpp:15] loading spef "change_7.spef"
I 63040 23-05-24 15:17:49 spef.cpp:15] loading spef "change_3.spef"
I 17984 23-05-24 15:17:49 celllib.cpp:34] loading celllib "s349_Late.lib"
I 42560 23-05-24 15:17:49 spef.cpp:15] loading spef "change_4.spef"
I 58944 23-05-24 15:17:49 verilog.cpp:14] loading netlist "s349.v"
I 22080 23-05-24 15:17:49 spef.cpp:15] loading spef "change_1.spef"
I 63040 23-05-24 15:17:49 celllib.cpp:34] loading celllib "s349_Early.lib"
I 50752 23-05-24 15:17:49 spef.cpp:15] loading spef "s349.spef"
I 30272 23-05-24 15:17:49 spef.cpp:15] loading spef "change_6.spef"
I 38464 23-05-24 15:17:49 tau15.cpp:76] loading timing "s349.timing" ...
I 63040 23-05-24 15:17:49 unit.cpp:244] use celllib time unit 1e-12 s
I 63040 23-05-24 15:17:49 unit.cpp:258] use celllib capacitance unit 1e-15 F
I 63040 23-05-24 15:17:49 unit.cpp:272] use celllib current unit 0.001 A
I 63040 23-05-24 15:17:49 unit.cpp:286] use celllib voltage unit 1 V
I 63040 23-05-24 15:17:49 unit.cpp:314] use celllib power unit 1e-06 W
I 63040 23-05-24 15:17:49 celllib.cpp:66] added min celllib "tau2015_s349_Early" [cells:105]
I 17984 23-05-24 15:17:49 celllib.cpp:66] added max celllib "tau2015_s349_Late" [cells:105]
I 17984 23-05-24 15:17:49 verilog.cpp:21] added verilog module "s349" [gates:194]
I 17984 23-05-24 15:17:49 unit.cpp:350] use spef resistance unit 1000 Ohm
I 17984 23-05-24 15:17:49 spef.cpp:27] added 205 spef nets
I 17984 23-05-24 15:17:49 tau15.cpp:81] add 45 timing assertions
I 17984 23-05-24 15:17:49 timer.cpp:494] enable cppr analysis
I 17984 23-05-24 15:17:49 spef.cpp:27] added 2 spef nets
I 17984 23-05-24 15:17:49 spef.cpp:27] added 6 spef nets
I 17984 23-05-24 15:17:49 spef.cpp:27] added 10 spef nets
I 17984 23-05-24 15:17:49 spef.cpp:27] added 100 spef nets
I 17984 23-05-24 15:17:49 spef.cpp:27] added 420 spef nets
I 17984 23-05-24 15:17:49 spef.cpp:27] added 4 spef nets
I 17984 23-05-24 15:17:49 spef.cpp:27] added 99 spef nets
--------------------------------
number of replication ftasks: 210
number of ftotal tasks: 450
ftask replication rate: 46.6667%
number of replication btasks: 48
number of btotal tasks: 450
btask replication rate: 10.6667%
build_cands_runtime : 34
cluster_runtime : 127
partition_runtime : 21003
process_cluster_runtime : 19
partitioned_execution_runtime : 1278
string_to_int_runtime : 27
hash_runtime : 56
hash_to_vector_runtime : 5
--------------------------------

<end of output>
Test time =   0.07 sec
----------------------------------------------------------
Test Passed.
"it.tau15.s349" end time: May 24 15:17 MDT
"it.tau15.s349" time elapsed: 00:00:00
----------------------------------------------------------

24/64 Testing: it.tau15.s386
24/64 Test: it.tau15.s386
Command: "/home/boyang/Desktop/opentimer_ver2/OpenTimer/inttest/tau15.py" "/home/boyang/Desktop/opentimer_ver2/OpenTimer/bin/ot-tau15" "/home/boyang/Desktop/opentimer_ver2/OpenTimer/benchmark" "s386"
Directory: /home/boyang/Desktop/opentimer_ver2/OpenTimer/build
"it.tau15.s386" start time: May 24 15:17 MDT
Output:
----------------------------------------------------------
I 26176 23-05-24 15:17:49 spef.cpp:15] loading spef "change_5.spef"
I 42560 23-05-24 15:17:49 spef.cpp:15] loading spef "change_6.spef"
[...]
59/64 Test: it.shell.s1196
Command: "/home/boyang/Desktop/opentimer_ver2/OpenTimer/inttest/shell.py" "/home/boyang/Desktop/opentimer_ver2/OpenTimer/bin/ot-shell" "/home/boyang/Desktop/opentimer_ver2/OpenTimer/benchmark" "s1196"
Directory: /home/boyang/Desktop/opentimer_ver2/OpenTimer/build
"it.shell.s1196" start time: May 24 15:18 MDT
Output:
----------------------------------------------------------
I 26176 23-05-24 15:18:24 celllib.cpp:34] loading celllib "s1196_Early.lib"
I 54848 23-05-24 15:18:24 spef.cpp:15] loading spef "change_7.spef"
I 50752 23-05-24 15:18:24 sdc.cpp:35] loading sdc "s1196.sdc" ...
I 50752 23-05-24 15:18:24 spef.cpp:15] loading spef "s1196.spef"
I 63040 23-05-24 15:18:24 verilog.cpp:14] loading netlist "s1196.v"
I 63040 23-05-24 15:18:24 spef.cpp:15] loading spef "change_2.spef"
I 30272 23-05-24 15:18:24 spef.cpp:15] loading spef "change_4.spef"
I 46656 23-05-24 15:18:24 spef.cpp:15] loading spef "change_3.spef"
I 22080 23-05-24 15:18:24 spef.cpp:15] loading spef "change_1.spef"
I 38464 23-05-24 15:18:24 spef.cpp:15] loading spef "change_5.spef"
I 42560 23-05-24 15:18:24 spef.cpp:15] loading spef "change_6.spef"
I 34368 23-05-24 15:18:24 celllib.cpp:34] loading celllib "s1196_Late.lib"
I 26176 23-05-24 15:18:24 unit.cpp:244] use celllib time unit 1e-12 s
I 26176 23-05-24 15:18:24 unit.cpp:258] use celllib capacitance unit 1e-15 F
I 26176 23-05-24 15:18:24 unit.cpp:272] use celllib current unit 0.001 A
I 26176 23-05-24 15:18:24 unit.cpp:286] use celllib voltage unit 1 V
I 26176 23-05-24 15:18:24 unit.cpp:314] use celllib power unit 1e-06 W
I 26176 23-05-24 15:18:24 celllib.cpp:66] added min celllib "tau2015_s1196_Early" [cells:105]
I 34368 23-05-24 15:18:24 celllib.cpp:66] added max celllib "tau2015_s1196_Late" [cells:105]
I 34368 23-05-24 15:18:24 verilog.cpp:21] added verilog module "s1196" [gates:641]
I 34368 23-05-24 15:18:24 unit.cpp:350] use spef resistance unit 1000 Ohm
I 34368 23-05-24 15:18:24 spef.cpp:27] added 657 spef nets
I 50752 23-05-24 15:18:24 sdc.cpp:21] added 199 sdc commands
I 50752 23-05-24 15:18:24 timer.cpp:494] enable cppr analysis
I 50752 23-05-24 15:18:24 spef.cpp:27] added 2 spef nets
I 50752 23-05-24 15:18:24 spef.cpp:27] added 6 spef nets
I 50752 23-05-24 15:18:24 spef.cpp:27] added 10 spef nets
I 50752 23-05-24 15:18:24 spef.cpp:27] added 100 spef nets
I 50752 23-05-24 15:18:24 spef.cpp:27] added 1316 spef nets
I 50752 23-05-24 15:18:24 spef.cpp:27] added 5 spef nets
I 50752 23-05-24 15:18:24 spef.cpp:27] added 348 spef nets
--------------------------------
number of replication ftasks: 1190
number of ftotal tasks: 2278
ftask replication rate: 52.2388%
number of replication btasks: 1491
number of btotal tasks: 2278
btask replication rate: 65.4522%
build_cands_runtime : 189
cluster_runtime : 686
partition_runtime : 24673
process_cluster_runtime : 53
partitioned_execution_runtime : 2219
string_to_int_runtime : 178
hash_runtime : 141
hash_to_vector_runtime : 14
--------------------------------

<end of output>
Test time =   0.13 sec
----------------------------------------------------------
Test Passed.
"it.shell.s1196" end time: May 24 15:18 MDT
"it.shell.s1196" time elapsed: 00:00:00
----------------------------------------------------------

60/64 Testing: it.shell.s1494
60/64 Test: it.shell.s1494
Command: "/home/boyang/Desktop/opentimer_ver2/OpenTimer/inttest/shell.py" "/home/boyang/Desktop/opentimer_ver2/OpenTimer/bin/ot-shell" "/home/boyang/Desktop/opentimer_ver2/OpenTimer/benchmark" "s1494"
Directory: /home/boyang/Desktop/opentimer_ver2/OpenTimer/build
"it.shell.s1494" start time: May 24 15:18 MDT
Output:
----------------------------------------------------------
I 30272 23-05-24 15:18:25 celllib.cpp:34] loading celllib "s1494_Early.lib"
I 17984 23-05-24 15:18:25 celllib.cpp:34] loading celllib "s1494_Late.lib"
I 17984 23-05-24 15:18:25 spef.cpp:15] loading spef "change_1.spef"
I 13888 23-05-24 15:18:25 verilog.cpp:14] loading netlist "s1494.v"
I 34368 23-05-24 15:18:25 spef.cpp:15] loading spef "change_5.spef"
I 63040 23-05-24 15:18:25 spef.cpp:15] loading spef "change_2.spef"
I 22080 23-05-24 15:18:25 spef.cpp:15] loading spef "s1494.spef"
I 30272 23-05-24 15:18:25 spef.cpp:15] loading spef "change_4.spef"
I 63040 23-05-24 15:18:25 sdc.cpp:35] loading sdc "s1494.sdc" ...
I 54848 23-05-24 15:18:25 spef.cpp:15] loading spef "change_6.spef"
I 22080 23-05-24 15:18:25 spef.cpp:15] loading spef "change_7.spef"
I 13888 23-05-24 15:18:25 spef.cpp:15] loading spef "change_3.spef"
I 30272 23-05-24 15:18:25 unit.cpp:244] use celllib time unit 1e-12 s
I 30272 23-05-24 15:18:25 unit.cpp:258] use celllib capacitance unit 1e-15 F
I 30272 23-05-24 15:18:25 unit.cpp:272] use celllib current unit 0.001 A
I 30272 23-05-24 15:18:25 unit.cpp:286] use celllib voltage unit 1 V
I 30272 23-05-24 15:18:25 unit.cpp:314] use celllib power unit 1e-06 W
I 30272 23-05-24 15:18:25 celllib.cpp:66] added min celllib "tau2015_s1494_Early" [cells:105]
I 30272 23-05-24 15:18:25 celllib.cpp:66] added max celllib "tau2015_s1494_Late" [cells:105]
I 30272 23-05-24 15:18:25 verilog.cpp:21] added verilog module "s1494" [gates:804]
I 30272 23-05-24 15:18:25 unit.cpp:350] use spef resistance unit 1000 Ohm
I 30272 23-05-24 15:18:25 spef.cpp:27] added 814 spef nets
I 63040 23-05-24 15:18:25 sdc.cpp:21] added 176 sdc commands
I 63040 23-05-24 15:18:25 timer.cpp:494] enable cppr analysis
I 63040 23-05-24 15:18:25 spef.cpp:27] added 2 spef nets
I 63040 23-05-24 15:18:25 spef.cpp:27] added 6 spef nets
I 63040 23-05-24 15:18:25 spef.cpp:27] added 10 spef nets
I 63040 23-05-24 15:18:25 spef.cpp:27] added 100 spef nets
I 63040 23-05-24 15:18:25 spef.cpp:27] added 1702 spef nets
I 63040 23-05-24 15:18:25 spef.cpp:27] added 5 spef nets
I 63040 23-05-24 15:18:25 spef.cpp:27] added 387 spef nets
--------------------------------
number of replication ftasks: 892
number of ftotal tasks: 3102
ftask replication rate: 28.7556%
number of replication btasks: 1228
number of btotal tasks: 3102
btask replication rate: 39.5874%
build_cands_runtime : 376
cluster_runtime : 664
partition_runtime : 15624
process_cluster_runtime : 44
partitioned_execution_runtime : 2997
string_to_int_runtime : 191
hash_runtime : 140
hash_to_vector_runtime : 11
--------------------------------

<end of output>
Test time =   0.14 sec
----------------------------------------------------------
Test Passed.
"it.shell.s1494" end time: May 24 15:18 MDT
"it.shell.s1494" time elapsed: 00:00:00
----------------------------------------------------------

61/64 Testing: it.shell.ac97_ctrl
61/64 Test: it.shell.ac97_ctrl
Command: "/home/boyang/Desktop/opentimer_ver2/OpenTimer/inttest/shell.py" "/home/boyang/Desktop/opentimer_ver2/OpenTimer/bin/ot-shell" "/home/boyang/Desktop/opentimer_ver2/OpenTimer/benchmark" "ac97_ctrl"
Directory: /home/boyang/Desktop/opentimer_ver2/OpenTimer/build
"it.shell.ac97_ctrl" start time: May 24 15:18 MDT
Output:
----------------------------------------------------------
I 58944 23-05-24 15:18:25 celllib.cpp:34] loading celllib "ac97_ctrl_Early.lib"
I 42560 23-05-24 15:18:25 spef.cpp:15] loading spef "change_6.spef"
I 54848 23-05-24 15:18:25 verilog.cpp:14] loading netlist "ac97_ctrl.v"
I 63040 23-05-24 15:18:25 spef.cpp:15] loading spef "change_7.spef"
I 38464 23-05-24 15:18:25 spef.cpp:15] loading spef "change_3.spef"
I 34368 23-05-24 15:18:25 sdc.cpp:35] loading sdc "ac97_ctrl.sdc" ...
I 46656 23-05-24 15:18:25 spef.cpp:15] loading spef "change_5.spef"
I 58944 23-05-24 15:18:25 spef.cpp:15] loading spef "change_1.spef"
I 63040 23-05-24 15:18:25 celllib.cpp:34] loading celllib "ac97_ctrl_Late.lib"
I 50752 23-05-24 15:18:25 spef.cpp:15] loading spef "change_2.spef"
I 42560 23-05-24 15:18:25 spef.cpp:15] loading spef "change_4.spef"
I 54848 23-05-24 15:18:25 spef.cpp:15] loading spef "ac97_ctrl.spef"
I 58944 23-05-24 15:18:25 unit.cpp:244] use celllib time unit 1e-12 s
I 58944 23-05-24 15:18:25 unit.cpp:258] use celllib capacitance unit 1e-15 F
I 58944 23-05-24 15:18:25 unit.cpp:272] use celllib current unit 0.001 A
I 58944 23-05-24 15:18:25 unit.cpp:286] use celllib voltage unit 1 V
I 58944 23-05-24 15:18:25 unit.cpp:314] use celllib power unit 1e-06 W
I 58944 23-05-24 15:18:25 celllib.cpp:66] added min celllib "tau2015_ac97_ctrl_Early" [cells:105]
I 58944 23-05-24 15:18:25 celllib.cpp:66] added max celllib "tau2015_ac97_ctrl_Late" [cells:105]
I 54848 23-05-24 15:18:25 verilog.cpp:21] added verilog module "ac97_ctrl" [gates:14341]
I 54848 23-05-24 15:18:25 unit.cpp:350] use spef resistance unit 1000 Ohm
I 54848 23-05-24 15:18:25 spef.cpp:27] added 14407 spef nets
I 34368 23-05-24 15:18:25 sdc.cpp:21] added 913 sdc commands
I 34368 23-05-24 15:18:25 timer.cpp:494] enable cppr analysis
I 34368 23-05-24 15:18:25 spef.cpp:27] added 2 spef nets
I 34368 23-05-24 15:18:25 spef.cpp:27] added 6 spef nets
I 34368 23-05-24 15:18:25 spef.cpp:27] added 10 spef nets
I 34368 23-05-24 15:18:25 spef.cpp:27] added 100 spef nets
I 34368 23-05-24 15:18:25 spef.cpp:27] added 10000 spef nets
I 34368 23-05-24 15:18:25 spef.cpp:27] added 5 spef nets
I 34368 23-05-24 15:18:25 spef.cpp:27] added 485 spef nets
--------------------------------
number of replication ftasks: 29173
number of ftotal tasks: 51546
ftask replication rate: 56.5961%
number of replication btasks: 2193
number of btotal tasks: 51546
btask replication rate: 4.25445%
build_cands_runtime : 16264
cluster_runtime : 216127
partition_runtime : 283910
process_cluster_runtime : 10284
partitioned_execution_runtime : 57881
string_to_int_runtime : 137486
hash_runtime : 13472
hash_to_vector_runtime : 839
--------------------------------

<end of output>
Test time =   0.95 sec
----------------------------------------------------------
Test Passed.
"it.shell.ac97_ctrl" end time: May 24 15:18 MDT
"it.shell.ac97_ctrl" time elapsed: 00:00:00
----------------------------------------------------------

62/64 Testing: it.shell.aes_core
62/64 Test: it.shell.aes_core
Command: "/home/boyang/Desktop/opentimer_ver2/OpenTimer/inttest/shell.py" "/home/boyang/Desktop/opentimer_ver2/OpenTimer/bin/ot-shell" "/home/boyang/Desktop/opentimer_ver2/OpenTimer/benchmark" "aes_core"
Directory: /home/boyang/Desktop/opentimer_ver2/OpenTimer/build
"it.shell.aes_core" start time: May 24 15:18 MDT
Output:
----------------------------------------------------------
I 50752 23-05-24 15:18:26 spef.cpp:15] loading spef "change_2.spef"
I  9792 23-05-24 15:18:26 verilog.cpp:14] loading netlist "aes_core.v"
I 58944 23-05-24 15:18:26 celllib.cpp:34] loading celllib "aes_core_Early.lib"
I 13888 23-05-24 15:18:26 celllib.cpp:34] loading celllib "aes_core_Late.lib"
I 46656 23-05-24 15:18:26 spef.cpp:15] loading spef "aes_core.spef"
I 54848 23-05-24 15:18:26 spef.cpp:15] loading spef "change_1.spef"
I 63040 23-05-24 15:18:26 spef.cpp:15] loading spef "change_3.spef"
I 17984 23-05-24 15:18:26 spef.cpp:15] loading spef "change_4.spef"
I 46656 23-05-24 15:18:26 spef.cpp:15] loading spef "change_6.spef"
I 50752 23-05-24 15:18:26 spef.cpp:15] loading spef "change_7.spef"
I 22080 23-05-24 15:18:26 spef.cpp:15] loading spef "change_5.spef"
I 54848 23-05-24 15:18:26 sdc.cpp:35] loading sdc "aes_core.sdc" ...
I 58944 23-05-24 15:18:26 unit.cpp:244] use celllib time unit 1e-12 s
I 58944 23-05-24 15:18:26 unit.cpp:258] use celllib capacitance unit 1e-15 F
I 58944 23-05-24 15:18:26 unit.cpp:272] use celllib current unit 0.001 A
I 58944 23-05-24 15:18:26 unit.cpp:286] use celllib voltage unit 1 V
I 58944 23-05-24 15:18:26 unit.cpp:314] use celllib power unit 1e-06 W
I 58944 23-05-24 15:18:26 celllib.cpp:66] added min celllib "tau2015_aes_core_Early" [cells:105]
I 13888 23-05-24 15:18:26 celllib.cpp:66] added max celllib "tau2015_aes_core_Late" [cells:105]
I  9792 23-05-24 15:18:26 verilog.cpp:21] added verilog module "aes_core" [gates:22938]
I 46656 23-05-24 15:18:26 unit.cpp:350] use spef resistance unit 1000 Ohm
I 46656 23-05-24 15:18:26 spef.cpp:27] added 23199 spef nets
I 54848 23-05-24 15:18:26 sdc.cpp:21] added 2726 sdc commands
I 54848 23-05-24 15:18:26 timer.cpp:494] enable cppr analysis
I 54848 23-05-24 15:18:26 spef.cpp:27] added 2 spef nets
I 54848 23-05-24 15:18:26 spef.cpp:27] added 6 spef nets
I 54848 23-05-24 15:18:26 spef.cpp:27] added 10 spef nets
I 54848 23-05-24 15:18:26 spef.cpp:27] added 100 spef nets
I 54848 23-05-24 15:18:26 spef.cpp:27] added 10000 spef nets
I 54848 23-05-24 15:18:26 spef.cpp:27] added 5 spef nets
I 54848 23-05-24 15:18:26 spef.cpp:27] added 482 spef nets
--------------------------------
number of replication ftasks: 66186
number of ftotal tasks: 75859
ftask replication rate: 87.2487%
number of replication btasks: 599
number of btotal tasks: 75859
btask replication rate: 0.789623%
build_cands_runtime : 25554
cluster_runtime : 162700
partition_runtime : 207268
process_cluster_runtime : 3407
partitioned_execution_runtime : 239839
string_to_int_runtime : 76364
hash_runtime : 12398
hash_to_vector_runtime : 589
--------------------------------

<end of output>
Test time =   1.23 sec
----------------------------------------------------------
Test Passed.
"it.shell.aes_core" end time: May 24 15:18 MDT
"it.shell.aes_core" time elapsed: 00:00:01
----------------------------------------------------------

63/64 Testing: it.shell.des_perf
63/64 Test: it.shell.des_perf
Command: "/home/boyang/Desktop/opentimer_ver2/OpenTimer/inttest/shell.py" "/home/boyang/Desktop/opentimer_ver2/OpenTimer/bin/ot-shell" "/home/boyang/Desktop/opentimer_ver2/OpenTimer/benchmark" "des_perf"
Directory: /home/boyang/Desktop/opentimer_ver2/OpenTimer/build
"it.shell.des_perf" start time: May 24 15:18 MDT
Output:
----------------------------------------------------------
I 58944 23-05-24 15:18:27 celllib.cpp:34] loading celllib "des_perf_Early.lib"
I 54848 23-05-24 15:18:27 spef.cpp:15] loading spef "des_perf.spef"
I 13888 23-05-24 15:18:27 sdc.cpp:35] loading sdc "des_perf.sdc" ...
I 46656 23-05-24 15:18:27 spef.cpp:15] loading spef "change_1.spef"
I 50752 23-05-24 15:18:27 verilog.cpp:14] loading netlist "des_perf.v"
I 38464 23-05-24 15:18:27 spef.cpp:15] loading spef "change_6.spef"
I 46656 23-05-24 15:18:27 celllib.cpp:34] loading celllib "des_perf_Late.lib"
I 22080 23-05-24 15:18:27 spef.cpp:15] loading spef "change_4.spef"
I 30272 23-05-24 15:18:27 spef.cpp:15] loading spef "change_5.spef"
I 63040 23-05-24 15:18:27 spef.cpp:15] loading spef "change_3.spef"
I 17984 23-05-24 15:18:27 spef.cpp:15] loading spef "change_7.spef"
I 22080 23-05-24 15:18:27 spef.cpp:15] loading spef "change_2.spef"
I 58944 23-05-24 15:18:27 unit.cpp:244] use celllib time unit 1e-12 s
I 58944 23-05-24 15:18:27 unit.cpp:258] use celllib capacitance unit 1e-15 F
I 58944 23-05-24 15:18:27 unit.cpp:272] use celllib current unit 0.001 A
I 58944 23-05-24 15:18:27 unit.cpp:286] use celllib voltage unit 1 V
I 58944 23-05-24 15:18:27 unit.cpp:314] use celllib power unit 1e-06 W
I 58944 23-05-24 15:18:27 celllib.cpp:66] added min celllib "tau2015_des_perf_Early" [cells:105]
I 46656 23-05-24 15:18:27 celllib.cpp:66] added max celllib "tau2015_des_perf_Late" [cells:105]
I 50752 23-05-24 15:18:28 verilog.cpp:21] added verilog module "des_perf" [gates:105371]
I 54848 23-05-24 15:18:28 unit.cpp:350] use spef resistance unit 1000 Ohm
I 54848 23-05-24 15:18:28 spef.cpp:27] added 106532 spef nets
I 54848 23-05-24 15:18:28 sdc.cpp:21] added 2201 sdc commands
I 54848 23-05-24 15:18:28 timer.cpp:494] enable cppr analysis
I 54848 23-05-24 15:18:28 spef.cpp:27] added 2 spef nets
I 54848 23-05-24 15:18:28 spef.cpp:27] added 6 spef nets
I 54848 23-05-24 15:18:28 spef.cpp:27] added 10 spef nets
I 54848 23-05-24 15:18:28 spef.cpp:27] added 100 spef nets
I 54848 23-05-24 15:18:28 spef.cpp:27] added 10000 spef nets
I 54848 23-05-24 15:18:28 spef.cpp:27] added 5 spef nets
I 54848 23-05-24 15:18:28 spef.cpp:27] added 492 spef nets
--------------------------------
number of replication ftasks: 201992
number of ftotal tasks: 312798
ftask replication rate: 64.5759%
number of replication btasks: 199423
number of btotal tasks: 312798
btask replication rate: 63.7546%
build_cands_runtime : 97237
cluster_runtime : 2973370
partition_runtime : 1176318
process_cluster_runtime : 68956
partitioned_execution_runtime : 541516
string_to_int_runtime : 2022738
hash_runtime : 123540
hash_to_vector_runtime : 4237
--------------------------------

<end of output>
Test time =   6.84 sec
----------------------------------------------------------
Test Passed.
"it.shell.des_perf" end time: May 24 15:18 MDT
"it.shell.des_perf" time elapsed: 00:00:06
----------------------------------------------------------

64/64 Testing: it.shell.vga_lcd
64/64 Test: it.shell.vga_lcd
Command: "/home/boyang/Desktop/opentimer_ver2/OpenTimer/inttest/shell.py" "/home/boyang/Desktop/opentimer_ver2/OpenTimer/bin/ot-shell" "/home/boyang/Desktop/opentimer_ver2/OpenTimer/benchmark" "vga_lcd"
Directory: /home/boyang/Desktop/opentimer_ver2/OpenTimer/build
"it.shell.vga_lcd" start time: May 24 15:18 MDT
Output:
----------------------------------------------------------
I 22080 23-05-24 15:18:34 celllib.cpp:34] loading celllib "vga_lcd_Early.lib"
I 30272 23-05-24 15:18:34 spef.cpp:15] loading spef "change_4.spef"
I 63040 23-05-24 15:18:34 verilog.cpp:14] loading netlist "vga_lcd.v"
I 38464 23-05-24 15:18:34 spef.cpp:15] loading spef "change_2.spef"
I 34368 23-05-24 15:18:34 spef.cpp:15] loading spef "vga_lcd.spef"
I 13888 23-05-24 15:18:34 spef.cpp:15] loading spef "change_7.spef"
I 54848 23-05-24 15:18:34 spef.cpp:15] loading spef "change_5.spef"
I 58944 23-05-24 15:18:34 sdc.cpp:35] loading sdc "vga_lcd.sdc" ...
I  1600 23-05-24 15:18:34 celllib.cpp:34] loading celllib "vga_lcd_Late.lib"
I 50752 23-05-24 15:18:34 spef.cpp:15] loading spef "change_1.spef"
I 54848 23-05-24 15:18:34 spef.cpp:15] loading spef "change_3.spef"
I 63040 23-05-24 15:18:34 spef.cpp:15] loading spef "change_6.spef"
I 22080 23-05-24 15:18:34 unit.cpp:244] use celllib time unit 1e-12 s
I 22080 23-05-24 15:18:34 unit.cpp:258] use celllib capacitance unit 1e-15 F
I 22080 23-05-24 15:18:34 unit.cpp:272] use celllib current unit 0.001 A
I 22080 23-05-24 15:18:34 unit.cpp:286] use celllib voltage unit 1 V
I 22080 23-05-24 15:18:34 unit.cpp:314] use celllib power unit 1e-06 W
I 22080 23-05-24 15:18:34 celllib.cpp:66] added min celllib "tau2015_vga_lcd_Early" [cells:105]
I  1600 23-05-24 15:18:34 celllib.cpp:66] added max celllib "tau2015_vga_lcd_Late" [cells:105]
I 63040 23-05-24 15:18:35 verilog.cpp:21] added verilog module "vga_lcd" [gates:139529]
I 63040 23-05-24 15:18:35 unit.cpp:350] use spef resistance unit 1000 Ohm
I 63040 23-05-24 15:18:35 spef.cpp:27] added 139632 spef nets
I 63040 23-05-24 15:18:35 sdc.cpp:21] added 1258 sdc commands
I 63040 23-05-24 15:18:35 timer.cpp:494] enable cppr analysis
I 63040 23-05-24 15:18:35 spef.cpp:27] added 2 spef nets
I 63040 23-05-24 15:18:35 spef.cpp:27] added 6 spef nets
I 63040 23-05-24 15:18:35 spef.cpp:27] added 10 spef nets
I 63040 23-05-24 15:18:35 spef.cpp:27] added 100 spef nets
I 63040 23-05-24 15:18:35 spef.cpp:27] added 10000 spef nets
I 63040 23-05-24 15:18:35 spef.cpp:27] added 5 spef nets
I 63040 23-05-24 15:18:35 spef.cpp:27] added 494 spef nets
--------------------------------
number of replication ftasks: 234528
number of ftotal tasks: 406917
ftask replication rate: 57.6353%
number of replication btasks: 109203
number of btotal tasks: 406917
btask replication rate: 26.8367%
build_cands_runtime : 124539
cluster_runtime : 8105003
partition_runtime : 3729855
process_cluster_runtime : 263861
partitioned_execution_runtime : 1129041
string_to_int_runtime : 5973840
hash_runtime : 312331
hash_to_vector_runtime : 11597
--------------------------------

<end of output>
Test time =  16.03 sec
----------------------------------------------------------
Test Passed.
"it.shell.vga_lcd" end time: May 24 15:18 MDT
"it.shell.vga_lcd" time elapsed: 00:00:16
----------------------------------------------------------

End testing: May 24 15:18 MDT
